2025-03-11 12:59:49 - INFO - ----阿里云13468952888----：{'success': True}
2025-03-11 13:00:08 - INFO - ----百度13468952888----：bd__cbs__rb7tyd({"errno":0,"msg":"\u53d1\u9001\u6210\u529f","vcodestr":null,"vcodesign":null,"isslide":null})
2025-03-11 13:00:15 - INFO - ----凤凰网13468952888----：{'code': 'CaptchaRequired', 'msg': 'code: CaptchaRequired, msg: 需要验证码', 'tips': '需要验证码'}
2025-03-11 13:00:36 - INFO - ----联通云盘13468952888----：{'STATUS': '200', 'MSG': '服务调用成功！', 'LOGID': None, 'RSP': {'RSP_CODE': '6006', 'RSP_DESC': '图形验证码未输入或缺失参数！', 'DATA': {'isNeedVerfyCode': 1}}}
2025-03-11 13:00:50 - INFO - ----天翼云盘13468952888----：{'result': 0, 'msg': 'success'}
2025-03-11 13:01:01 - INFO - ----雪球13468952888----：{'success': True}
2025-03-11 13:01:09 - INFO - ----巨量13468952888---- ：{'description': '', 'error_code': 0, 'mobile_ticket': 'mobile_ticket_7UHPHGWB3ZJSDCEAFJ4DN3QXFH6TM3VN'}
2025-03-11 13:01:18 - INFO - ----兔喜13468952888---- ：{'result': {'isRisk': 0}, 'message': '操作成功', 'statusCode': '200', 'status': True}
2025-03-11 13:01:28 - INFO - ----水滴筹13468952888---- ：{'code': 0, 'msg': None, 'data': None}
2025-03-11 13:01:46 - INFO - ----小红书13468952888----：{'code': 0, 'success': True, 'msg': '成功', 'data': {}}
2025-03-11 13:02:01 - INFO - 执行 doubao 失败: 
No element found.
Method: ele()
Arguments: {'locator': 'css=#root > div.flow-web-root-outlet > div > div.containerWrapper-zs8cOO > div.panelWrapper-w47RMk > div.center-full-DCvpXt > div > div > div.header-QmdZVu > div > div > div > div.right-ANm42w > div > button > span', 'index': 1, 'timeout': 10}
Version: 4.1.0.17
2025-03-11 13:02:06 - INFO - ----KYE13468952888---- ：{'code': 0, 'msg': '成功', 'data': {'msg': '验证码已发送至您的手机，请注意查收'}, 'traceId': None, 'success': True}
2025-03-11 13:02:15 - INFO - ----易车13468952888----：59s后重新发送
2025-03-11 13:02:28 - INFO - ----移动云盘13468952888---- ：{'success': True, 'code': '0', 'message': 'OK', 'data': {'result': {'resultCode': '0', 'resultDesc': '请求成功'}, 'mode': '0', 'regFlag': None, 'remainGetTimes': 6, 'verifyCode': None, 'objNumber': None, 'random': 'QQbEOJgw'}}
2025-03-11 13:02:41 - INFO - ----南方泵业13468952888----：{'Data': None, 'Code': 0, 'Message': '332DCB14F8A0BEDCDA9BD0322AD2399B'}
2025-03-11 13:02:49 - INFO - ----秘塔13468952888----：{'code': 2701, 'msg': '手机号不存在,请先注册!'}
2025-03-11 13:02:57 - INFO - ----孔子学院13468952888----：{'msg': '操作成功', 'code': 200}
2025-03-11 13:03:06 - INFO - ----巨人网络13468952888---- ：{'success': True, 'msg': '', 'data': []}
2025-03-11 13:03:14 - INFO - ----火山引擎13468952888---- ：{'ResponseMetadata': {'RequestId': '2025031113031407822DA4924D9DBB9ED4'}}
2025-03-11 13:03:23 - INFO - ----webcsdn学院13468952888----：{'code': '0', 'subCode': '1017', 'message': '成功发送验证码', 'status': True}
2025-03-11 13:03:30 - INFO - ----233乐园13468952888----：验证码倒计时发送验证码s
2025-03-11 13:03:42 - INFO - ----q医疗13468952888----：{'data': {'code': '400'}, 'count': 0}
2025-03-11 13:03:51 - INFO - ----指南者13468952888----：{'code': 0, 'msg': '发送验证码过于频繁，请稍后重试！'}
2025-03-11 13:04:03 - INFO - ----闪德13468952888----：{'code': 0, 'msg': '短信服务异常', 'data': 4, 'url': '', 'wait': 3}
2025-03-11 13:04:40 - INFO - ----顺丰同城13468952888----：{'errno': 0, 'errmsg': '', 'errmsg_lang': [], 'data': {'count': 60}, 'lid': '597112473648873429'}
2025-03-11 13:04:48 - INFO - ----指南者13468952888----：{'code': 0, 'msg': '发送验证码过于频繁，请稍后重试！'}
2025-03-11 13:05:05 - INFO - ----云8813468952888----：{'code': 1, 'msg': '触发号码天级流控Permits:40'}
2025-03-11 13:05:25 - INFO - 执行 wjs 失败: 
No element found.
Method: ele()
Arguments: {'locator': 'css=#dsbLogin1 > div:nth-child(4) > div', 'index': 1, 'timeout': 10}
Version: 4.1.0.17
2025-03-11 13:05:31 - INFO - ----异次元13468952888----：{'state': {'message': '风险', 'code': 505001}}
2025-03-11 13:05:41 - INFO - ----网易云游戏13468952888----：{}
2025-03-11 13:05:42 - INFO - All PNG images deleted.
2025-03-11 13:39:26 - INFO - ----阿里云13468952888----：{'success': True}
2025-03-11 13:39:45 - INFO - ----百度13468952888----：bd__cbs__vw0spo({"errno":0,"msg":"\u53d1\u9001\u6210\u529f","vcodestr":null,"vcodesign":null,"isslide":null})
2025-03-11 13:39:52 - INFO - ----凤凰网13468952888----：{'code': 'CaptchaRequired', 'msg': 'code: CaptchaRequired, msg: 需要验证码', 'tips': '需要验证码'}
2025-03-11 13:40:20 - INFO - ----联通云盘13468952888----：{'STATUS': '200', 'MSG': '服务调用成功！', 'LOGID': None, 'RSP': {'RSP_CODE': '6006', 'RSP_DESC': '图形验证码未输入或缺失参数！', 'DATA': {'isNeedVerfyCode': 1}}}
2025-03-11 13:40:46 - INFO - 天翼云盘注册失败
2025-03-11 13:40:57 - INFO - ----雪球13468952888----：{'success': True}
2025-03-11 13:41:04 - INFO - ----巨量13468952888---- ：{'description': '', 'error_code': 0, 'mobile_ticket': 'mobile_ticket_7DAH3H995BAH84JNEKW9EA6K4T7YYCMH'}
2025-03-11 13:41:13 - INFO - ----兔喜13468952888---- ：{'result': {'isRisk': 0}, 'message': '操作成功', 'status': True, 'statusCode': '200'}
2025-03-11 13:41:25 - INFO - ----水滴筹13468952888---- ：{'code': 0, 'msg': None, 'data': None}
2025-03-11 13:41:44 - INFO - ----小红书13468952888----：{'code': 0, 'success': True, 'msg': '成功', 'data': {}}
2025-03-11 13:42:00 - INFO - 执行 doubao 失败: 
No element found.
Method: ele()
Arguments: {'locator': 'css=#root > div.flow-web-root-outlet > div > div.containerWrapper-zs8cOO > div.panelWrapper-w47RMk > div.center-full-DCvpXt > div > div > div.header-QmdZVu > div > div > div > div.right-ANm42w > div > button > span', 'index': 1, 'timeout': 10}
Version: 4.1.0.17
2025-03-11 13:42:06 - INFO - ----KYE13468952888---- ：{'code': 264587, 'msg': '错误次数太多，请稍后重试', 'data': {'ruleId': 27, 'type': 4, 'strategyCode': 'passwordSmsLogin', 'msg': None, 'priority': 3}, 'traceId': None, 'success': False}
2025-03-11 13:42:16 - INFO - ----易车13468952888----：59s后重新发送
2025-03-11 13:42:33 - INFO - ----移动云盘13468952888---- ：{'success': True, 'code': '0', 'message': 'OK', 'data': {'result': {'resultCode': '0', 'resultDesc': '请求成功'}, 'mode': '0', 'regFlag': None, 'remainGetTimes': 4, 'verifyCode': None, 'objNumber': None, 'random': 'lB2G1iDp'}}
2025-03-11 13:42:48 - INFO - ----南方泵业13468952888----：{'Data': None, 'Code': 0, 'Message': 'D7C5673FD1A069773A35A095619AA743'}
2025-03-11 13:42:56 - INFO - ----秘塔13468952888----：{'code': 2701, 'msg': '手机号不存在,请先注册!'}
2025-03-11 13:43:05 - INFO - ----孔子学院13468952888----：{'msg': '操作成功', 'code': 200}
2025-03-11 13:43:14 - INFO - ----巨人网络13468952888---- ：{'success': True, 'msg': '', 'data': []}
2025-03-11 13:43:25 - INFO - ----火山引擎13468952888---- ：{'ResponseMetadata': {'RequestId': '20250311134325689610335965AE75A809'}}
2025-03-11 13:43:35 - INFO - ----webcsdn学院13468952888----：{'code': '0', 'subCode': '1017', 'message': '成功发送验证码', 'status': True}
2025-03-11 13:43:43 - INFO - ----233乐园13468952888----：验证码倒计时发送验证码s
2025-03-11 13:43:56 - INFO - ----q医疗13468952888----：{'data': {'code': '400'}, 'count': 0}
2025-03-11 13:44:06 - INFO - ----指南者13468952888----：{'code': 0, 'msg': '发送验证码失败！'}
2025-03-11 13:44:20 - INFO - ----闪德13468952888----：{'code': 0, 'msg': '短信服务异常', 'data': 4, 'url': '', 'wait': 3}
2025-03-11 13:44:26 - INFO - ----顺丰同城13468952888----：{'errno': 3001, 'errmsg': '请输入图片验证码', 'errmsg_lang': {'zh': '请输入图片验证码', 'en': 'Please enter the image verification code.'}, 'data': None, 'lid': '599499207717894295'}
2025-03-11 13:44:37 - INFO - ----指南者13468952888----：{'code': 0, 'msg': '发送验证码失败！'}
2025-03-11 13:44:58 - INFO - ----云8813468952888----：{'code': 1, 'msg': '触发号码天级流控Permits:40'}
2025-03-11 13:45:25 - INFO - 执行 wjs 失败: 
No element found.
Method: ele()
Arguments: {'locator': 'css=#dsbLogin1 > div:nth-child(4) > div', 'index': 1, 'timeout': 10}
Version: 4.1.0.17
2025-03-11 13:45:32 - INFO - ----异次元13468952888----：{'state': {'message': '风险', 'code': 505001}}
2025-03-11 13:45:50 - INFO - 网易云游戏注册失败
2025-03-11 13:45:51 - INFO - All PNG images deleted.
