2025-03-10 20:31:20 - INFO - ----阿里云19845173012----：{'success': True}
2025-03-10 20:31:42 - INFO - ----百度19845173012----：bd__cbs__3rxg29({"errno":0,"msg":"\u53d1\u9001\u6210\u529f","vcodestr":null,"vcodesign":null,"isslide":null})
2025-03-10 20:31:49 - INFO - ----凤凰网19845173012----：{'code': 'CaptchaRequired', 'msg': 'code: CaptchaRequired, msg: 需要验证码', 'tips': '需要验证码'}
2025-03-10 20:32:14 - INFO - ----联通云盘19845173012----：{'STATUS': '200', 'MSG': '服务调用成功！', 'LOGID': None, 'RSP': {'RSP_CODE': '6006', 'RSP_DESC': '图形验证码未输入或缺失参数！', 'DATA': {'isNeedVerfyCode': 1}}}
2025-03-10 20:32:41 - INFO - 天翼云盘注册失败
2025-03-10 20:32:44 - INFO - All PNG images deleted.
2025-03-10 20:41:35 - INFO - ----阿里云19845173012----：{'success': True}
2025-03-10 20:41:54 - INFO - ----百度19845173012----：bd__cbs__3tenh4({"errno":18,"msg":"\u8bf7\u586b\u5199\u9a8c\u8bc1\u7801","vcodestr":"njP37dca3712bfd808402a618f06101884fd060bc09db015229","vcodesign":"9e317e3c26","isslide":null})
2025-03-10 20:42:00 - INFO - ----凤凰网19845173012----：{'code': 'CaptchaRequired', 'msg': 'code: CaptchaRequired, msg: 需要验证码', 'tips': '需要验证码'}
2025-03-10 20:42:23 - INFO - ----联通云盘19845173012----：{'STATUS': '200', 'MSG': '服务调用成功！', 'LOGID': None, 'RSP': {'RSP_CODE': '6006', 'RSP_DESC': '图形验证码未输入或缺失参数！', 'DATA': {'isNeedVerfyCode': 1}}}
2025-03-10 20:42:47 - INFO - 天翼云盘注册失败
2025-03-10 20:42:57 - INFO - ----雪球19845173012----：{'error_description': '验证码发送次数超出限制, 请明天再试', 'error_uri': '/account/sms/send_verification_code.json', 'error_data': None, 'error_code': '20079'}
2025-03-10 20:43:05 - INFO - ----巨量19845173012---- ：{'description': '', 'error_code': 0, 'mobile_ticket': 'mobile_ticket_GEQZKDQVCBEANPGH7Z4JDF25EBQWGNA2'}
2025-03-10 20:43:14 - INFO - ----兔喜19845173012---- ：{'result': {'isRisk': 0}, 'message': '操作成功', 'status': True, 'statusCode': '200'}
2025-03-10 20:43:24 - INFO - ----水滴筹19845173012---- ：{'code': 0, 'msg': None, 'data': None}
2025-03-10 20:43:41 - INFO - ----小红书19845173012----：{'code': -1, 'success': False, 'msg': '请求太频繁，请三分钟后再试', 'data': {}}
2025-03-10 20:43:56 - INFO - 执行 doubao 失败: 
No element found.
Method: ele()
Arguments: {'locator': 'css=#root > div.flow-web-root-outlet > div > div.containerWrapper-zs8cOO > div.panelWrapper-w47RMk > div.center-full-DCvpXt > div > div > div.header-QmdZVu > div > div > div > div.right-ANm42w > div > button > span', 'index': 1, 'timeout': 10}
Version: 4.1.0.17
2025-03-10 20:44:05 - INFO - ----KYE19845173012---- ：{'code': 264587, 'msg': '错误次数太多，请稍后重试', 'data': {'ruleId': 27, 'type': 4, 'strategyCode': 'passwordSmsLogin', 'msg': None, 'priority': 3}, 'traceId': None, 'success': False}
2025-03-10 20:44:13 - INFO - ----易车19845173012----：0s后重新发送
2025-03-10 20:44:26 - INFO - ----移动云盘19845173012---- ：{'success': False, 'code': '1010120012', 'message': '获取短信验证码次数已达到当日上限', 'data': {'result': {'resultCode': '200059508', 'resultDesc': '获取短信验证码次数已达到当日上限'}, 'mode': None, 'regFlag': None, 'remainGetTimes': None, 'verifyCode': None, 'objNumber': None, 'random': 'rCpTcWvF'}}
2025-03-10 20:44:39 - INFO - ----南方泵业19845173012----：{'Data': None, 'Code': 0, 'Message': 'D0C9D128FC63178927B5AB8DB4E3EAB'}
2025-03-10 20:44:47 - INFO - ----秘塔19845173012----：{'code': 2701, 'msg': '手机号不存在,请先注册!'}
2025-03-10 20:44:55 - INFO - ----孔子学院19845173012----：{'msg': '操作成功', 'code': 200}
2025-03-10 20:45:04 - INFO - ----巨人网络19845173012---- ：{'success': False, 'msg': '账号已存在，建议直接使用该手机号登录', 'data': {'rcmdAccount': ['1984517301212', '1984517301225']}}
2025-03-10 20:45:13 - INFO - ----火山引擎19845173012---- ：{'ResponseMetadata': {'RequestId': '202503102045128FAFEE82CD1CA316E74A'}}
2025-03-10 20:46:04 - INFO - ----webcsdn学院19845173012----：{'code': '1218', 'message': '操作太频繁，该动作已被禁止', 'status': False}
2025-03-10 20:46:40 - INFO - ----233乐园19845173012----：验证码倒计时发送验证码s
2025-03-10 20:46:52 - INFO - ----q医疗19845173012----：{'data': {'code': '400'}, 'count': 0}
2025-03-10 20:47:02 - INFO - ----指南者19845173012----：{'code': 0, 'msg': '发送验证码过于频繁，请稍后重试！'}
2025-03-10 20:47:15 - INFO - ----闪德19845173012----：{'code': 0, 'msg': '短信服务异常', 'data': 4, 'url': '', 'wait': 3}
2025-03-10 20:47:23 - INFO - ----顺丰同城19845173012----：{'errno': 3001, 'errmsg': '请输入图片验证码', 'errmsg_lang': {'zh': '请输入图片验证码', 'en': 'Please enter the image verification code.'}, 'data': None, 'lid': '538475326471054130'}
2025-03-10 20:47:31 - INFO - ----指南者19845173012----：{'code': 0, 'msg': '发送验证码过于频繁，请稍后重试！'}
2025-03-10 20:47:47 - INFO - ----云8819845173012----：{'code': 1, 'msg': '触发号码天级流控Permits:40'}
2025-03-10 20:48:08 - INFO - 执行 wjs 失败: 
No element found.
Method: ele()
Arguments: {'locator': 'css=#dsbLogin1 > div:nth-child(4) > div', 'index': 1, 'timeout': 10}
Version: 4.1.0.17
2025-03-10 20:48:15 - INFO - ----异次元19845173012----：{'state': {'message': '风险', 'code': 505001}}
2025-03-10 20:48:33 - INFO - 网易云游戏注册失败
2025-03-10 20:48:45 - INFO - ----aippt19845173012----：{'code': 10856, 'data': None, 'msg': '今日获取验证码已达最大次数，请于明日重试'}
2025-03-10 20:49:10 - INFO - ----AI好记----：{'code': 10001, 'message': '短信发送失败: {"Message":"触发号码天级流控Permits:40","RequestId":"BD5BB4E8-22E1-5C98-8B37-AF721FB9C8F5","Code":"isv.BUSINESS_LIMIT_CONTROL"}', 'data': {}}
2025-03-10 20:49:29 - INFO - ----万兴19845173012----：{'code': 231203, 'msg': 'The number of SMS messages that can be sent from this account in one day has been exceeded', 'data': None}
2025-03-10 20:49:41 - INFO - ----九游网19845173012----：验证码剩余时间重新获取(58s)
2025-03-10 20:49:50 - INFO - ----右糖19845173012----：{'status': -307, 'message': 'Captcha code exceeds the limit'}
2025-03-10 20:49:58 - INFO - ----大米小米19845173012----：{'status': 200, 'code': 1, 'data': True, 'message': '验证码5分钟之内有效，无需频繁发送。'}
2025-03-10 20:50:14 - INFO - 手机新浪注册失败
2025-03-10 20:50:22 - INFO - ----海康威视19845173012----：{'code': '000000', 'data': {'code': 200, 'message': 'success', 'data': '{code=0, message=null, result=1059059293977710592}'}, 'message': None}
2025-03-10 20:50:28 - INFO - ----网易数字19845173012----：{'success': False, 'msg': '发送太快，请稍后重试'}
2025-03-10 20:50:36 - INFO - ----跨境19845173012----：{'code': 500, 'msg': '短信发送失败，请稍后再试~', 'data': [], 'meta': {}}
2025-03-10 20:50:46 - INFO - ----acfun19845173012----：{'result': 0}
2025-03-10 20:50:54 - INFO - ----mathtool19845173012----：{'code': 1013, 'data': [], 'message': ' 短信发送失败,请尝试其它登录方式'}
2025-03-10 20:51:03 - INFO - ----包月ai19845173012----：{'code': -202, 'msg': '账户状态异常，如有疑问请联系客服', 'data': {}}
2025-03-10 20:51:08 - INFO - ----库迪19845173012----：{'code': 200, 'message': 'success', 'busCode': '10408', 'busMessage': '请输入图形验证码', 'data': None, 'traceId': None}
2025-03-10 20:51:14 - INFO - ----氢图19845173012----：{'code': 0, 'message': None, 'result': None}
2025-03-10 20:51:25 - INFO - ----溪流19845173012----：{'code': 500, 'msg': '服务器内部错误，请稍后再试。'}
2025-03-10 20:51:36 - INFO - ----演图网19845173012----：{'code': '000000', 'msg': 'Message sent successfully'}
2025-03-10 20:51:49 - INFO - ----笔灵ai19845173012----：{'code': 1, 'msg': '验证码发送成功'}
2025-03-10 20:51:58 - INFO - ----豆豆游戏19845173012----：{'code': 0, 'error_code': 0, 'error_message': '', 'payload': {}}
2025-03-10 20:52:08 - INFO - ----问小白----：{'code': 0, 'msg': '', 'data': '', 'requestId': ''}
2025-03-10 20:52:16 - INFO - ----九马19845173012----：{'code': 200, 'message': '发送成功', 'data': ''}
2025-03-10 20:52:29 - INFO - ----柏测19845173012----：{'d': '触发号码天级流控Permits:40'}
2025-03-10 20:52:56 - INFO - ----欢拓云19845173012----：{'code': 20104, 'msg': '图片验证码错误'}
2025-03-10 20:53:13 - INFO - ----活动汪19845173012----：{'status_code': 9, 'status_message': '发送失败........'}
2025-03-10 20:53:33 - INFO - ----派克配音19845173012----：{'code': 1, 'info': '发送成功', 'data': {}}
2025-03-10 20:53:49 - INFO - ----灵感严选19845173012----：{'code': -1, 'msg': '发送短信失败', 'data': None, 'exception': None, 'error': None, 'stackTrace': None, 'path': None, 'errCode': -1}
2025-03-10 20:54:00 - INFO - ----笔熊19845173012----：{'code': 0, 'msg': 'isv.BUSINESS_LIMIT_CONTROL', 'time': '1741611240', 'data': None}
2025-03-10 20:54:10 - INFO - ----美即云19845173012----：{'code': 502, 'msg': ''}
2025-03-10 20:54:36 - INFO - ----诗词19845173012----：{'status': 'ok'}
2025-03-10 20:54:47 - INFO - ----超级文档19845173012----：发送验证码
2025-03-10 20:55:00 - INFO - ----翼虎19845173012----：{'error': 0, 'msg': '写入成功', 'data': 1}
2025-03-10 20:55:12 - INFO - ----考拉19845173012----：{'content': {'data': {'resultCode': 100, 'smsToken': 'idc_15A1A1996EE9E43E58D21BEA570CB3967', 'processFinished': True}, 'status': 0, 'success': True}, 'hasError': False}
2025-03-10 20:55:31 - INFO - 执行 c7 失败: 
No element found.
Method: ele()
Arguments: {'locator': 'css=#app > div > div > div.mainBox.greenBgColor > div:nth-child(2) > div.content > form > div:nth-child(2) > div > div > span > span > span > span > span', 'index': 1, 'timeout': 10}
Version: 4.1.0.17
2025-03-10 20:55:37 - INFO - ----3C云19845173012----：{'status': 400, 'msg': 'CODE_SEND_FAIL'}
2025-03-10 20:55:54 - INFO - ----交大云19845173012----：198****3012
2025-03-10 20:56:01 - INFO - ----八法云----：{'code': 0, 'message': 'OK', 'data': {'code': 3}}
2025-03-10 20:56:20 - INFO - ----有言19845173012----：{'error_code': 1, 'error_reason': '触发号码天级流控Permits:40'}
2025-03-10 20:56:37 - INFO - ----环球医疗19845173012----：jsonp1741611385399({"code":"210","msg":"发送失败，请过一会再发送"})
2025-03-10 20:57:10 - INFO - 执行 i7 失败: 
The browser connection fails.
Address: 127.0.0.1:52655
Tip: 
1, the user folder does not conflict with the open browser 
2, if no interface system, please add '--headless=new' startup parameter 
3, if the system is Linux, try adding '--no-sandbox' boot parameter 
The port and user folder paths can be set using ChromiumOptions.
Version: 4.1.0.17
2025-03-10 20:57:18 - INFO - ----乒协19845173012----：{'code': 10003, 'message': 'error-code.10003:触发号码天级流控Permits:40', 'tips': 'error-code.10003:触发号码天级流控Permits:40', 'result': None, 'traceId': '63ffefcf-16d6-4dd5-b288-1a6daca27ee9', 'success': False}
2025-03-10 20:57:28 - INFO - ----人人文库19845173012----：{'code': 5001, 'data': [], 'message': '发送失败'}
2025-03-10 20:57:32 - INFO - ----人人文库19845173012----：{'code': 203, 'data': [], 'message': '图形验证码错误！'}
2025-03-10 20:57:35 - INFO - ----人人文库19845173012----：{'code': 203, 'data': [], 'message': '图形验证码错误！'}
2025-03-10 20:57:39 - INFO - ----人人文库19845173012----：{'code': 203, 'data': [], 'message': '图形验证码错误！'}
2025-03-10 20:57:43 - INFO - ----人人文库19845173012----：{'code': 203, 'data': [], 'message': '图形验证码错误！'}
2025-03-10 20:57:47 - INFO - ----人人文库19845173012----：{'code': 204, 'data': [], 'message': '图形验证码错误！'}
2025-03-10 20:57:47 - INFO - 人人文库5次错误
2025-03-10 20:57:52 - INFO - ----广州心理协会19845173012----：{'status': 1, 'time': '10', 'msg': '手机验证码发送成功！'}
2025-03-10 20:57:58 - INFO - ----返利网19845173012---- ：jQuery183038137906763828155_1741611475788({"info":"succes","data":"19845173012","status":1})
2025-03-10 20:58:08 - INFO - ----丽芙家居19845173012----：{'Result': True, 'Status': 1, 'Message': '手机验证码已发送至尾号3012手机，请注意查收', 'InnerData': {'retCode': 1, 'rm': 0}, 'CK': []}
2025-03-10 20:58:13 - INFO - ----穷游网19845173012----：{'error_code': 0, 'result': 'ok', 'data': {'mobile': '86-19845173012'}}
2025-03-10 20:58:25 - INFO - ----海尔19845173012----：{'result': 'SUCCESS', 'resultCode': '0', 'resultMsg': 'success', 'data': 'SUCCESS'}
2025-03-10 20:58:25 - INFO - success
2025-03-10 20:59:09 - INFO - ----百卓19845173012----：{'retMsg': '短信验证码获取失败，超过每天5次的限制！', 'retCode': '1'}
2025-03-10 20:59:10 - INFO - 执行 g8 失败: 
This element has no location or size.
Version: 4.1.0.17
2025-03-10 20:59:24 - INFO - ----股海19845173012----：{'msg': '你的验证码获取达到上限，请过段时间再试'}
2025-03-10 20:59:35 - INFO - ----todesk19845173012----：{'statusCode': 200, 'data': {'challengeToken': 'eyJhbGciOiJIUzI1NiIsInR5cCI6IkpXVCJ9.eyJwaG9uZSI6IjE5ODQ1MTczMDEyIiwidXNhZ2UiOjEsIm5vdW5jZSI6IjEiLCJpYXQiOjE3NDE2MTE1NzUsImV4cCI6MTc0MTYxMTg3NX0.TxtbisYyvcKZmcshh8UmxBZ1TZ-sjKbYVRBHFnjifxQ'}}
2025-03-10 20:59:46 - INFO - ----zol19845173012----：{'info': 'error', 'msg': '图形验证码错误'}
2025-03-10 20:59:49 - INFO - ----zol19845173012----：{'info': 'error', 'msg': '图形验证码错误'}
2025-03-10 20:59:52 - INFO - ----zol19845173012----：{'info': 'error', 'msg': '图形验证码错误'}
2025-03-10 20:59:54 - INFO - ----zol19845173012----：{'info': 'error', 'msg': '图形验证码错误'}
2025-03-10 20:59:57 - INFO - ----zol19845173012----：{'info': 'ok', 'msg': '动态密码发送成功'}
2025-03-10 21:00:06 - INFO - ----第一会展19845173012----：{"states":"err","message":"{"Message":"触发号码天级流控Permits:40","RequestId":"133F8F94-2BC5-5CEF-9FA1-4ACC72CF96C1","Code":"isv.BUSINESS_LIMIT_CONTROL"}"}
2025-03-10 21:00:07 - INFO - 执行 a9 失败: string indices must be integers, not 'str'
2025-03-10 21:00:20 - INFO - ----索尼中国19845173012----：{'resultMsg': [{'code': '99', 'message': '请在2分钟后再次尝试'}]}
2025-03-10 21:00:27 - INFO - ----爱乐奇19845173012----：suss
2025-03-10 21:00:32 - INFO - ----花生同19845173012----：{'success': True, 'code': '00000', 'lang': None, 'error': None, 'errorHK': None, 'data': None}
2025-03-10 21:00:48 - INFO - ----包图19845173012----：{'status': 0, 'msg': '亲，今日发送验证码已超限，明日再来呦'}
2025-03-10 21:00:58 - INFO - ----莫言ai19845173012----：{'code': 334, 'msg': '验证码错误', 'data': []}
2025-03-10 21:01:01 - INFO - ----莫言ai19845173012----：{'code': 334, 'msg': '验证码错误', 'data': []}
2025-03-10 21:01:03 - INFO - ----莫言ai19845173012----：{'code': 200, 'msg': '成功', 'data': []}
2025-03-10 21:01:18 - INFO - ----慕客19845173012----：{'code': 0, 'message': '成功', 'payload': {'captchaVerifyResult': False}}
2025-03-10 21:02:29 - INFO - ----广告狂人19845173012----：{'msg': '操作成功', 'code': '10000'}
2025-03-10 21:02:46 - INFO - ----feemoo19845173012----：{'status': '90001', 'msg': '', 'time': 1741611760, 'data': {'url': 'https://fmph5.jingfile.com/h5_hk', 'width': '290', 'height': '256', 'code': '', 'e': {'code': 200, 'errorCode': 90001, 'msg': '', 'params': {'url': 'https://fmph5.jingfile.com/h5_hk', 'width': '290', 'height': '256', 'code': ''}}}}
2025-03-10 21:02:59 - INFO - ----spai19845173012----：{'error': 2005, 'msg': '操作失败,请稍后重试', 'data': None, 'total': 0}
2025-03-10 21:03:12 - INFO - 执行 a10 失败: 
No element found.
Method: ele()
Arguments: {'locator': 'css=#txtMobile', 'index': 1, 'timeout': 10}
Version: 4.1.0.17
2025-03-10 21:03:20 - INFO - ----云群19845173012----：{'status': 200, 'msg': 'CODE_SEND_SUCCESS'}
2025-03-10 21:03:28 - INFO - ----云码19845173012----：<pre>string(43) "{"msg":"发送成功","code":200,"data":[]}"
</pre>
2025-03-10 21:03:38 - INFO - ----创配----：{"states":"err","message":"{"Message":"触发号码天级流控Permits:40","RequestId":"85968986-8153-5970-98F2-72266474177B","Code":"isv.BUSINESS_LIMIT_CONTROL"}"}
2025-03-10 21:03:38 - INFO - 执行 d10 失败: string indices must be integers, not 'str'
2025-03-10 21:03:54 - INFO - ----及时设计----：{'code': 801101, 'msg': 'aliyun authenticate not pass', 'msg_cn': '无痕验证未通过', 'key': 'NO_TRACE_VERIFICATION_FAILED', 'data': '400'}
2025-03-10 21:04:45 - INFO - ----嘉立创19845173012----：{'success': True, 'code': 200}
2025-03-10 21:05:00 - INFO - ----电子发烧友19845173012----：{'status': 'successed', 'error_code': 0, 'data': {'account': '19845173012'}}
2025-03-10 21:05:09 - INFO - ----鸟哥笔记----：{'return_code': '-1', 'return_msg': '超出每天限制次数', 'return_data': []}
2025-03-10 21:05:13 - INFO - ----鸟哥笔记----：{'return_code': '-1', 'return_msg': '超出每天限制次数', 'return_data': []}
2025-03-10 21:05:16 - INFO - ----鸟哥笔记----：{'return_code': '-1', 'return_msg': '图形验证码错误', 'return_data': []}
2025-03-10 21:05:20 - INFO - ----鸟哥笔记----：{'return_code': '-1', 'return_msg': '超出每天限制次数', 'return_data': []}
2025-03-10 21:05:33 - INFO - 鸟哥笔记注册失败
2025-03-10 21:05:37 - INFO - ----鸟哥笔记----：{'return_code': '-1', 'return_msg': '超出每天限制次数', 'return_data': []}
2025-03-10 21:05:37 - INFO - 鸟哥笔记5次错误
2025-03-10 21:05:52 - INFO - ----团结19845173012----：{'success': True, 'data': '198451730121741611949', 'message': None, 'ErrorCode': 0}
2025-03-10 21:06:35 - INFO - ----站库19845173012----：
2025-03-10 21:06:39 - INFO - ----万兴科技19845173012----：{'code': 231203, 'msg': 'The number of SMS messages that can be sent from this account in one day has been exceeded', 'data': None}
2025-03-10 21:06:59 - INFO - ----亿图19845173012----：{'status': 'error', 'msg': '[code-231203] 同一账号调用次数超过当天上限', 'data': None}
2025-03-10 21:07:09 - INFO - ----医疗器械19845173012----：{'code': '1', 'data': None, 'msg': '验证码已发送！'}
2025-03-10 21:07:26 - INFO - ----大学生在线19845173012----：{'uniqueId': '4448db9f-7879-4f9f-b8ee-570d737c1e25', 'code': 500, 'statusCode': 499, 'apiCode': 500, 'message': 'the number of sms messages sent from a single mobile number every day exceeds the upper limit'}
2025-03-10 21:07:34 - INFO - ----永洪19845173012----：{'code': 200, 'data': 'smssuccess'}
2025-03-10 21:07:39 - INFO - ----深信服19845173012----：{'msg': '验证码当天(0点--24点)最多发送10条，当天验证码次数超过上限,请明天再次验证', 'code': 500, 'rows': ''}
2025-03-10 21:07:51 - INFO - ----磨刀19845173012----：{'success': '验证码发送成功'}
2025-03-10 21:07:58 - INFO - ----逗逗游戏伙伴19845173012----：{'code': 0, 'error_code': 0, 'error_message': '', 'payload': {}}
2025-03-10 21:08:04 - INFO - ----阶跃ai19845173012----：{}
2025-03-10 21:08:15 - INFO - ----韩红19845173012----：{'code': -16, 'msg': '当天发送次数已满，请明天再试。', 'data': None}
2025-03-10 21:08:35 - INFO - ----ccf19845173012----：1
2025-03-10 21:09:07 - INFO - ----钻石网19845173012----：{'code': 200, 'msg': '验证成功'}
2025-03-10 21:09:17 - INFO - ----云书网19845173012----：{'code': '-2', 'gitVersion': {'git.branch': 'origin/online', 'git.commit.id': '9493803b7f97740d60bed02d3a23f781f35c4156'}, 'message': '图片验证码输入有误', 'success': False, 'trace': '458b98a2a073aa2d'}
2025-03-10 21:09:21 - INFO - ----云书网19845173012----：{'code': '-3', 'gitVersion': {'git.branch': 'origin/online', 'git.commit.id': '9493803b7f97740d60bed02d3a23f781f35c4156'}, 'message': '今日短信超出限制，每个手机号限当天收取10条短信', 'success': False, 'trace': '361be537f23c1b7c'}
2025-03-10 21:09:25 - INFO - ----云书网19845173012----：{'code': '-3', 'gitVersion': {'git.branch': 'origin/online', 'git.commit.id': '9493803b7f97740d60bed02d3a23f781f35c4156'}, 'message': '今日短信超出限制，每个手机号限当天收取10条短信', 'success': False, 'trace': 'ce170e6c58b2a981'}
2025-03-10 21:09:28 - INFO - ----云书网19845173012----：{'code': '-2', 'gitVersion': {'git.branch': 'origin/online', 'git.commit.id': '9493803b7f97740d60bed02d3a23f781f35c4156'}, 'message': '图片验证码输入有误', 'success': False, 'trace': '491e7250ca465c9b'}
2025-03-10 21:09:32 - INFO - ----云书网19845173012----：{'code': '-3', 'gitVersion': {'git.branch': 'origin/online', 'git.commit.id': '9493803b7f97740d60bed02d3a23f781f35c4156'}, 'message': '今日短信超出限制，每个手机号限当天收取10条短信', 'success': False, 'trace': '98a94a6294ee3412'}
2025-03-10 21:09:35 - INFO - ----云书网19845173012----：{'code': '-2', 'gitVersion': {'git.branch': 'origin/online', 'git.commit.id': '9493803b7f97740d60bed02d3a23f781f35c4156'}, 'message': '图片验证码输入有误', 'success': False, 'trace': '514d354a2c5ae560'}
2025-03-10 21:09:35 - INFO - 云书网5次错误
2025-03-10 21:09:42 - INFO - ----天天19845173012----：{'msg': '验证码有误'}
2025-03-10 21:09:46 - INFO - ----天天19845173012----：{'msg': '验证码有误'}
2025-03-10 21:09:50 - INFO - ----天天19845173012----：{'msg': '触发号码天级流控Permits:40', 'error': 1}
2025-03-10 21:09:50 - INFO - 执行 d12 失败: 'code'
2025-03-10 21:09:55 - INFO - ----心理19845173012----：58s
2025-03-10 21:10:02 - INFO - ----拔草19845173012----：{'error': 2, 'msg': '验证码错误', 'referer': '', 'state': 'fail'}
2025-03-10 21:10:06 - INFO - ----拔草19845173012----：{'error': 2, 'msg': '验证码错误', 'referer': '', 'state': 'fail'}
2025-03-10 21:10:10 - INFO - ----拔草19845173012----：{'error': 1, 'msg': '今天发送短信的数量已到，明天再试吧', 'referer': '', 'state': 'fail'}
2025-03-10 21:10:14 - INFO - ----拔草19845173012----：{'error': 2, 'msg': '验证码错误', 'referer': '', 'state': 'fail'}
2025-03-10 21:10:18 - INFO - ----拔草19845173012----：{'error': 1, 'msg': '今天发送短信的数量已到，明天再试吧', 'referer': '', 'state': 'fail'}
2025-03-10 21:10:22 - INFO - ----拔草19845173012----：{'error': 2, 'msg': '验证码错误', 'referer': '', 'state': 'fail'}
2025-03-10 21:10:25 - INFO - ----拔草19845173012----：{'error': 2, 'msg': '验证码错误', 'referer': '', 'state': 'fail'}
2025-03-10 21:10:29 - INFO - ----拔草19845173012----：{'error': 2, 'msg': '验证码错误', 'referer': '', 'state': 'fail'}
2025-03-10 21:10:33 - INFO - ----拔草19845173012----：{'error': 2, 'msg': '验证码错误', 'referer': '', 'state': 'fail'}
2025-03-10 21:10:37 - INFO - ----拔草19845173012----：{'error': 2, 'msg': '验证码错误', 'referer': '', 'state': 'fail'}
2025-03-10 21:10:41 - INFO - ----拔草19845173012----：{'error': 1, 'msg': '今天发送短信的数量已到，明天再试吧', 'referer': '', 'state': 'fail'}
2025-03-10 21:10:41 - INFO - 拔草5次错误
2025-03-10 21:10:59 - INFO - 执行 g12 失败: 
No element found.
Method: ele()
Arguments: {'locator': 'css=body > header > div > div.cloud-header-default > div.cloud-right-wrapper > div.login-wrapper > ul > li.nav-register > a', 'index': 1, 'timeout': 10}
Version: 4.1.0.17
2025-03-10 21:11:16 - INFO - 紫衣注册失败
2025-03-10 21:11:29 - INFO - 紫衣注册失败
2025-03-10 21:11:43 - INFO - 紫衣注册失败
2025-03-10 21:11:56 - INFO - 紫衣注册失败
2025-03-10 21:12:09 - INFO - 紫衣注册失败
2025-03-10 21:12:23 - INFO - 紫衣注册失败
2025-03-10 21:12:23 - INFO - 紫衣5次错误
2025-03-10 21:12:52 - INFO - 执行 i12 失败: 
No element found.
Method: ele()
Arguments: {'locator': 'css=body > div:nth-child(1) > div > div:nth-child(3) > p > span:nth-child(1)', 'index': 1, 'timeout': 10}
Version: 4.1.0.17
2025-03-10 21:13:10 - INFO - 飞乐注册失败
2025-03-10 21:13:10 - INFO - 执行 j12 失败: cannot access local variable 'res' where it is not associated with a value
2025-03-10 21:13:16 - INFO - ----58同城19845173012----：JsonpCallBack1741612396462569({"code":0,"data":{"voice":true,"exist":0,"requesthost":"passport.58.com","times":"30","tokencode":"MrA7yz45niRGuvySfe1UZDeTL2mTiTWB","length":6,"action":"0","strategyid":"2","label":"收不到短信验证码？","type":2},"msg":"动态码已发送"})
2025-03-10 21:13:28 - INFO - ----中图网19845173012----：{'Status': 0, 'Msg': None, 'Succeed': True, 'Data': None, 'Remark': None, 'Error': None}
2025-03-10 21:13:36 - INFO - ----优购19845173012----：2
2025-03-10 21:13:42 - INFO - ----多多买菜19845173012----：{'success': True, 'errorCode': 1000000, 'errorMsg': None, 'result': None}
2025-03-10 21:13:55 - INFO - 执行 e13 失败: 
This element has no location or size.
Version: 4.1.0.17
2025-03-10 21:14:00 - INFO - ----酒窝19845173012----：
2025-03-10 21:14:12 - INFO - ----安徽博物院19845173012----：{'success': False, 'message': '验证码发送失败'}
2025-03-10 21:14:17 - INFO - ----爱卡19845173012----：{'stat': '-1', 'error': '验证码发送失败!', 'a': 'mpincode'}
2025-03-10 21:14:26 - INFO - ----花礼网19845173012----：{'Status': '0', 'ErrMsg': None, 'DataStatus': 0, 'Datas': {'Message': '验证码已经发送到19845173012,请及时输入进行验证。'}, 'HuaSessionId': None}
2025-03-10 21:14:38 - INFO - ----美非遗19845173012----：{'code': '200', 'codeid': 5818, 'msg': 'success'}
2025-03-10 21:14:39 - INFO - Deleted: .\bd_background.png
2025-03-10 21:14:39 - INFO - Deleted: .\bd_slider.png
2025-03-10 21:14:39 - INFO - Deleted: .\cp.png
2025-03-10 21:14:39 - INFO - Deleted: .\hzzx.png
2025-03-10 21:14:39 - INFO - Deleted: .\ngbj.png
2025-03-10 21:14:39 - INFO - Deleted: .\tt.png
2025-03-10 21:14:39 - INFO - Deleted: .\ysw.png
2025-03-10 21:14:39 - INFO - All PNG images deleted.
2025-03-11 09:51:29 - INFO - ----阿里云19845173012----：{'success': True}
2025-03-11 09:51:45 - INFO - ----百度19845173012----：bd__cbs__m1x4uw({"errno":18,"msg":"\u8bf7\u586b\u5199\u9a8c\u8bc1\u7801","vcodestr":"njPbf09229c2b1fa30b028318547d01a3f0e485611b1d014fbd","vcodesign":"1b5a1e57b0","isslide":null})
2025-03-11 09:51:51 - INFO - ----凤凰网19845173012----：{'code': 'CaptchaRequired', 'msg': 'code: CaptchaRequired, msg: 需要验证码', 'tips': '需要验证码'}
2025-03-11 09:52:12 - INFO - ----联通云盘19845173012----：{'STATUS': '200', 'MSG': '服务调用成功！', 'LOGID': None, 'RSP': {'RSP_CODE': '6006', 'RSP_DESC': '图形验证码未输入或缺失参数！', 'DATA': {'isNeedVerfyCode': 1}}}
2025-03-11 09:52:28 - INFO - ----天翼云盘19845173012----：{'result': 0, 'msg': 'success'}
2025-03-11 09:52:37 - INFO - ----雪球19845173012----：{'success': True}
2025-03-11 09:52:44 - INFO - ----巨量19845173012---- ：{'description': '', 'error_code': 0, 'mobile_ticket': 'mobile_ticket_5A3FFZVAYGS9BGWS65C7SC26RGTHB5BU'}
2025-03-11 09:52:52 - INFO - ----兔喜19845173012---- ：{'result': {'isRisk': 0}, 'message': '操作成功', 'status': True, 'statusCode': '200'}
2025-03-11 09:53:01 - INFO - ----水滴筹19845173012---- ：{'code': 0, 'msg': None, 'data': None}
2025-03-11 09:53:19 - INFO - ----小红书19845173012----：{'code': 0, 'success': True, 'msg': '成功', 'data': {}}
2025-03-11 09:53:34 - INFO - 执行 doubao 失败: 
No element found.
Method: ele()
Arguments: {'locator': 'css=#root > div.flow-web-root-outlet > div > div.containerWrapper-zs8cOO > div.panelWrapper-w47RMk > div.center-full-DCvpXt > div > div > div.header-QmdZVu > div > div > div > div.right-ANm42w > div > button > span', 'index': 1, 'timeout': 10}
Version: 4.1.0.17
2025-03-11 09:53:39 - INFO - ----KYE19845173012---- ：{'code': 0, 'msg': '成功', 'data': {'msg': '验证码已发送至您的手机，请注意查收'}, 'traceId': None, 'success': True}
2025-03-11 09:53:48 - INFO - ----易车19845173012----：59s后重新发送
2025-03-11 09:54:00 - INFO - ----移动云盘19845173012---- ：{'success': True, 'code': '0', 'message': 'OK', 'data': {'result': {'resultCode': '0', 'resultDesc': '请求成功'}, 'mode': '0', 'regFlag': None, 'remainGetTimes': 6, 'verifyCode': None, 'objNumber': None, 'random': 'WUo7kQUN'}}
2025-03-11 09:54:12 - INFO - ----南方泵业19845173012----：{'Data': None, 'Code': -4, 'Message': '手机号已调用多次'}
2025-03-11 09:54:20 - INFO - ----秘塔19845173012----：{'code': 2701, 'msg': '手机号不存在,请先注册!'}
2025-03-11 09:54:27 - INFO - ----孔子学院19845173012----：{'msg': '操作成功', 'code': 200}
2025-03-11 09:54:34 - INFO - ----巨人网络19845173012---- ：{'success': False, 'msg': '账号已存在，建议直接使用该手机号登录', 'data': {'rcmdAccount': ['1984517301225', '1984517301212']}}
2025-03-11 09:54:42 - INFO - ----火山引擎19845173012---- ：{'ResponseMetadata': {'RequestId': '2025031109544146111803589EB1951352'}}
2025-03-11 09:55:11 - INFO - ----webcsdn学院19845173012----：{'code': '1218', 'message': '操作太频繁，该动作已被禁止', 'status': False}
2025-03-11 09:55:19 - INFO - ----233乐园19845173012----：验证码倒计时发送验证码s
2025-03-11 09:55:30 - INFO - ----q医疗19845173012----：{'data': {'code': '400'}, 'count': 0}
2025-03-11 09:55:39 - INFO - ----指南者19845173012----：{'code': 0, 'msg': '发送验证码过于频繁，请稍后重试！'}
2025-03-11 09:55:52 - INFO - ----闪德19845173012----：{'code': 0, 'msg': '短信服务异常', 'data': 4, 'url': '', 'wait': 3}
2025-03-11 09:55:59 - INFO - ----顺丰同城19845173012----：{'errno': 0, 'errmsg': '', 'errmsg_lang': [], 'data': {'count': 60}, 'lid': '585791255462149296'}
2025-03-11 09:56:07 - INFO - ----指南者19845173012----：{'code': 0, 'msg': '发送验证码过于频繁，请稍后重试！'}
2025-03-11 09:56:23 - INFO - ----云8819845173012----：{'code': 1, 'msg': '触发号码天级流控Permits:40'}
2025-03-11 09:56:42 - INFO - 执行 wjs 失败: 
No element found.
Method: ele()
Arguments: {'locator': 'css=#dsbLogin1 > div:nth-child(4) > div', 'index': 1, 'timeout': 10}
Version: 4.1.0.17
2025-03-11 09:56:49 - INFO - ----异次元19845173012----：{'state': {'message': '风险', 'code': 505001}}
2025-03-11 09:56:57 - INFO - ----网易云游戏19845173012----：{}
2025-03-11 09:57:07 - INFO - ----aippt19845173012----：{'code': 10856, 'data': None, 'msg': '今日获取验证码已达最大次数，请于明日重试'}
2025-03-11 09:57:33 - INFO - ----AI好记----：{'code': 10001, 'message': '短信发送失败: {"Message":"触发号码天级流控Permits:40","RequestId":"68E8D069-D5D2-5AE4-BC91-12658CE855C3","Code":"isv.BUSINESS_LIMIT_CONTROL"}', 'data': {}}
2025-03-11 09:57:52 - INFO - ----万兴19845173012----：{'code': 0, 'msg': '', 'data': ''}
2025-03-11 09:58:02 - INFO - ----九游网19845173012----：验证码剩余时间重新获取(58s)
2025-03-11 09:58:11 - INFO - ----右糖19845173012----：{'status': 200, 'message': 'success'}
2025-03-11 09:58:17 - INFO - ----大米小米19845173012----：{'status': 200, 'code': 0, 'data': True, 'message': '查询数据成功.'}
2025-03-11 09:58:33 - INFO - 手机新浪注册失败
2025-03-11 09:58:39 - INFO - ----海康威视19845173012----：{'code': '000000', 'data': {'code': 200, 'message': 'success', 'data': '{code=0, message=null, result=1059257673635078144}'}, 'message': None}
2025-03-11 09:58:45 - INFO - ----网易数字19845173012----：{'success': True, 'msg': '验证码已发送'}
2025-03-11 09:58:53 - INFO - ----跨境19845173012----：{'code': 500, 'msg': '短信发送失败，请稍后再试~', 'data': [], 'meta': {}}
2025-03-11 09:59:03 - INFO - ----acfun19845173012----：{'result': 100001014, 'error_msg': '操作太快, 稍后再试'}
2025-03-11 09:59:10 - INFO - ----mathtool19845173012----：{'code': 1013, 'data': [], 'message': ' 短信发送失败,请尝试其它登录方式'}
2025-03-11 09:59:19 - INFO - ----包月ai19845173012----：{'code': -202, 'msg': '账户状态异常，如有疑问请联系客服', 'data': {}}
2025-03-11 09:59:24 - INFO - ----库迪19845173012----：{'code': 200, 'message': 'success', 'busCode': '10408', 'busMessage': '请输入图形验证码', 'data': None, 'traceId': None}
2025-03-11 09:59:30 - INFO - ----氢图19845173012----：{'code': 0, 'message': None, 'result': None}
2025-03-11 09:59:41 - INFO - ----溪流19845173012----：{'code': 500, 'msg': '服务器内部错误，请稍后再试。'}
2025-03-11 09:59:51 - INFO - ----演图网19845173012----：{'code': '000000', 'msg': 'Message sent successfully'}
2025-03-11 10:00:02 - INFO - ----笔灵ai19845173012----：{'code': 1, 'msg': '验证码发送成功'}
2025-03-11 10:00:12 - INFO - ----豆豆游戏19845173012----：{'code': 0, 'error_code': 0, 'error_message': '', 'payload': {}}
2025-03-11 10:00:22 - INFO - ----问小白----：{'code': 0, 'msg': '', 'data': '', 'requestId': ''}
2025-03-11 10:00:30 - INFO - ----九马19845173012----：{'code': 200, 'message': '发送成功', 'data': ''}
2025-03-11 10:00:43 - INFO - ----柏测19845173012----：{'d': '触发号码天级流控Permits:40'}
2025-03-11 10:01:05 - INFO - ----欢拓云19845173012----：{'code': 20107, 'msg': '发送太频繁，请稍后再试'}
2025-03-11 10:01:21 - INFO - ----活动汪19845173012----：{'status_code': 9, 'status_message': '发送失败........'}
2025-03-11 10:01:33 - INFO - ----派克配音19845173012----：{'code': 1, 'info': '发送成功', 'data': {}}
2025-03-11 10:01:47 - INFO - ----灵感严选19845173012----：{'code': -1, 'msg': '发送短信失败', 'data': None, 'exception': None, 'error': None, 'stackTrace': None, 'path': None, 'errCode': -1}
2025-03-11 10:01:54 - INFO - ----笔熊19845173012----：{'code': 0, 'msg': 'isv.BUSINESS_LIMIT_CONTROL', 'time': '1741658514', 'data': None}
2025-03-11 10:02:05 - INFO - ----美即云19845173012----：{'code': 502, 'msg': ''}
2025-03-11 10:02:15 - INFO - ----诗词19845173012----：{'status': 'ok'}
2025-03-11 10:02:25 - INFO - ----超级文档19845173012----：发送验证码
2025-03-11 10:02:35 - INFO - ----翼虎19845173012----：{'error': 0, 'msg': '写入成功', 'data': 1}
2025-03-11 10:02:45 - INFO - ----考拉19845173012----：{'content': {'data': {'resultCode': 100, 'smsToken': 'idc_156FC3EB70A344DA19B8A886E26D8F97F', 'processFinished': True}, 'status': 0, 'success': True}, 'hasError': False}
2025-03-11 10:02:55 - INFO - ----黑猫会19845173012----：{'code': 1, 'msg': 'fail'}
2025-03-11 10:03:01 - INFO - ----3C云19845173012----：{'status': 400, 'msg': 'CODE_SEND_FAIL'}
2025-03-11 10:03:20 - INFO - ----交大云19845173012----：198****3012
2025-03-11 10:03:27 - INFO - ----八法云----：{'code': 0, 'message': 'OK', 'data': {'code': 3}}
2025-03-11 10:03:43 - INFO - ----有言19845173012----：{'error_code': 1, 'error_reason': '触发号码天级流控Permits:40'}
2025-03-11 10:03:59 - INFO - ----环球医疗19845173012----：jsonp1741658627503({"code":"210","msg":"发送失败，请过一会再发送"})
2025-03-11 10:04:21 - INFO - ----最有料19845173012----：{'code': 200, 'status': False, 'message': '触发号码天级流控Permits:40', 'url': None, 'other': None}
2025-03-11 10:04:33 - INFO - ----乒协19845173012----：{'code': 10003, 'message': 'error-code.10003:触发号码天级流控Permits:40', 'tips': 'error-code.10003:触发号码天级流控Permits:40', 'result': None, 'traceId': '6c116a02-d101-44a5-a25e-7eafe3789a7b', 'success': False}
2025-03-11 10:04:42 - INFO - ----人人文库19845173012----：{'code': 5001, 'data': [], 'message': '发送失败'}
2025-03-11 10:04:46 - INFO - ----人人文库19845173012----：{'code': 5001, 'data': [], 'message': '发送失败'}
2025-03-11 10:04:50 - INFO - ----人人文库19845173012----：{'code': 5001, 'data': [], 'message': '发送失败'}
2025-03-11 10:04:54 - INFO - ----人人文库19845173012----：{'code': 203, 'data': [], 'message': '图形验证码错误！'}
2025-03-11 10:04:58 - INFO - ----人人文库19845173012----：{'code': 203, 'data': [], 'message': '图形验证码错误！'}
2025-03-11 10:05:01 - INFO - ----人人文库19845173012----：{'code': 203, 'data': [], 'message': '图形验证码错误！'}
2025-03-11 10:05:01 - INFO - 人人文库5次错误
2025-03-11 10:05:07 - INFO - ----广州心理协会19845173012----：{'status': 1, 'time': '10', 'msg': '手机验证码发送成功！'}
2025-03-11 10:05:13 - INFO - ----返利网19845173012---- ：jQuery183032946220001153637_1741658711478({"info":"succes","data":"19845173012","status":1})
2025-03-11 10:05:21 - INFO - ----丽芙家居19845173012----：{'Result': True, 'Status': 1, 'Message': '手机验证码已发送至尾号3012手机，请注意查收', 'InnerData': {'retCode': 1, 'rm': 1}, 'CK': []}
2025-03-11 10:05:25 - INFO - ----穷游网19845173012----：{'error_code': 0, 'result': 'ok', 'data': {'mobile': '86-19845173012'}}
2025-03-11 10:06:06 - INFO - ----海尔19845173012----：{'result': 'SUCCESS', 'resultCode': '0', 'resultMsg': 'success', 'data': 'SUCCESS'}
2025-03-11 10:06:06 - INFO - success
2025-03-11 10:06:20 - INFO - ----百卓19845173012----：{'retCode': '0'}
2025-03-11 10:06:35 - INFO - ----股海19845173012----：{'msg': '发送成功'}
2025-03-11 10:06:45 - INFO - ----todesk19845173012----：{'statusCode': 200, 'data': {'challengeToken': 'eyJhbGciOiJIUzI1NiIsInR5cCI6IkpXVCJ9.eyJwaG9uZSI6IjE5ODQ1MTczMDEyIiwidXNhZ2UiOjEsIm5vdW5jZSI6IjEiLCJpYXQiOjE3NDE2NTg4MDQsImV4cCI6MTc0MTY1OTEwNH0.Sr1Yy1SCjuNmPDbkqilkOjzCXCozPs-K_WP-04bhhdM'}}
2025-03-11 10:06:54 - INFO - ----zol19845173012----：{'info': 'ok', 'msg': '动态密码发送成功'}
2025-03-11 10:07:09 - INFO - ----第一会展19845173012----：{'states': 'err', 'msg': '图形验证码错误'}
2025-03-11 10:07:16 - INFO - ----第一会展19845173012----：{"states":"err","message":"{"Message":"触发号码天级流控Permits:40","RequestId":"E55E5C64-AEEA-5E33-B24A-40D5E4D3B653","Code":"isv.BUSINESS_LIMIT_CONTROL"}"}
2025-03-11 10:07:16 - INFO - 执行 a9 失败: string indices must be integers, not 'str'
2025-03-11 10:07:30 - INFO - ----索尼中国19845173012----：{'resultData': {'registerToken': 'Dq7UeYXgIEZraSg7lUwB0GRG3XOdPJuOh5CTXnJ2rY4='}, 'resultMsg': [{'code': '00', 'message': '成功'}]}
2025-03-11 10:07:36 - INFO - ----爱乐奇19845173012----：suss
2025-03-11 10:07:42 - INFO - ----花生同19845173012----：{'success': True, 'code': '00000', 'lang': None, 'error': None, 'errorHK': None, 'data': None}
2025-03-11 10:07:58 - INFO - ----包图19845173012----：{'status': 1, 'msg': '亲，验证码发送成功'}
2025-03-11 10:08:07 - INFO - ----莫言ai19845173012----：{'code': 334, 'msg': '验证码错误', 'data': []}
2025-03-11 10:08:10 - INFO - ----莫言ai19845173012----：{'code': 200, 'msg': '成功', 'data': []}
2025-03-11 10:08:24 - INFO - ----慕客19845173012----：{'code': 0, 'message': '成功', 'payload': {'captchaVerifyResult': False}}
2025-03-11 10:08:35 - INFO - ----广告狂人19845173012----：{'msg': '操作成功', 'code': '10000'}
2025-03-11 10:08:50 - INFO - ----feemoo19845173012----：{'status': '90001', 'msg': '', 'time': 1741658924, 'data': {'url': 'https://fmph5.jingfile.com/h5_hk', 'width': '290', 'height': '256', 'code': '', 'e': {'code': 200, 'errorCode': 90001, 'msg': '', 'params': {'url': 'https://fmph5.jingfile.com/h5_hk', 'width': '290', 'height': '256', 'code': ''}}}}
2025-03-11 10:09:03 - INFO - ----spai19845173012----：{'error': 2005, 'msg': '操作失败,请稍后重试', 'data': None, 'total': 0}
2025-03-11 10:09:16 - INFO - 执行 a10 失败: 
No element found.
Method: ele()
Arguments: {'locator': 'css=#txtMobile', 'index': 1, 'timeout': 10}
Version: 4.1.0.17
2025-03-11 10:09:23 - INFO - ----云群19845173012----：{'status': 400, 'msg': '图形验证码有误'}
2025-03-11 10:09:31 - INFO - ----云码19845173012----：<pre>string(43) "{"msg":"发送成功","code":200,"data":[]}"
</pre>
2025-03-11 10:09:53 - INFO - ----创配----：{"states":"err","message":"{"Message":"触发号码天级流控Permits:40","RequestId":"8D7FE70E-B012-5463-9011-BE0D03BE6028","Code":"isv.BUSINESS_LIMIT_CONTROL"}"}
2025-03-11 10:09:53 - INFO - 执行 d10 失败: string indices must be integers, not 'str'
2025-03-11 10:10:09 - INFO - ----及时设计----：{'code': 801101, 'msg': 'aliyun authenticate not pass', 'msg_cn': '无痕验证未通过', 'key': 'NO_TRACE_VERIFICATION_FAILED', 'data': '400'}
2025-03-11 10:10:31 - INFO - ----嘉立创19845173012----：{'success': True, 'code': 200}
2025-03-11 10:10:45 - INFO - ----电子发烧友19845173012----：{'status': 'successed', 'error_code': 0, 'data': {'account': '19845173012'}}
2025-03-11 10:10:54 - INFO - ----鸟哥笔记----：{'return_code': '-1', 'return_msg': '图形验证码错误', 'return_data': []}
2025-03-11 10:10:58 - INFO - ----鸟哥笔记----：{'return_code': '200', 'return_msg': '已发送', 'return_data': []}
2025-03-11 10:11:12 - INFO - ----团结19845173012----：{'success': True, 'data': '198451730121741659070', 'message': None, 'ErrorCode': 0}
2025-03-11 10:11:25 - INFO - ----站库19845173012----：{'result': True}
2025-03-11 10:11:30 - INFO - ----万兴科技19845173012----：{'code': 231203, 'msg': 'The number of SMS messages that can be sent from this account in one day has been exceeded', 'data': None}
2025-03-11 10:11:48 - INFO - ----亿图19845173012----：{'status': 'success', 'msg': '', 'data': {}}
2025-03-11 10:12:02 - INFO - ----医疗器械19845173012----：{'code': '1', 'data': None, 'msg': '验证码已发送！'}
2025-03-11 10:12:18 - INFO - ----大学生在线19845173012----：{'code': 200, 'message': '发送成功'}
2025-03-11 10:12:27 - INFO - ----永洪19845173012----：{'code': 200, 'data': 'smssuccess'}
2025-03-11 10:12:35 - INFO - ----深信服19845173012----：{'code': 0, 'msg': 'success', 'rows': 'success'}
2025-03-11 10:12:46 - INFO - ----磨刀19845173012----：{'success': '验证码发送成功'}
2025-03-11 10:12:52 - INFO - ----逗逗游戏伙伴19845173012----：{'code': 0, 'error_code': 0, 'error_message': '', 'payload': {}}
2025-03-11 10:12:58 - INFO - ----阶跃ai19845173012----：{}
2025-03-11 10:13:10 - INFO - ----韩红19845173012----：{'code': 0, 'msg': 'success', 'data': 60}
2025-03-11 10:13:30 - INFO - ----ccf19845173012----：1
2025-03-11 10:13:47 - INFO - ----钻石网19845173012----：{'code': 200, 'msg': '验证成功'}
2025-03-11 10:13:57 - INFO - ----云书网19845173012----：{'code': '-2', 'gitVersion': {'git.branch': 'origin/online', 'git.commit.id': '9493803b7f97740d60bed02d3a23f781f35c4156'}, 'message': '图片验证码输入有误', 'success': False, 'trace': '31f656ec0a156025'}
2025-03-11 10:14:00 - INFO - ----云书网19845173012----：{'code': '-2', 'gitVersion': {'git.branch': 'origin/online', 'git.commit.id': '9493803b7f97740d60bed02d3a23f781f35c4156'}, 'message': '图片验证码输入有误', 'success': False, 'trace': 'd1c40c4ec9588194'}
2025-03-11 10:14:05 - INFO - ----云书网19845173012----：{'code': '0', 'gitVersion': {'git.branch': 'origin/online', 'git.commit.id': '9493803b7f97740d60bed02d3a23f781f35c4156'}, 'message': '短信发送成功', 'trace': '66dfa01d0a191617'}
2025-03-11 10:14:13 - INFO - ----天天19845173012----：{'msg': '触发号码天级流控Permits:40', 'error': 1}
2025-03-11 10:14:13 - INFO - 执行 d12 失败: 'code'
2025-03-11 10:14:17 - INFO - ----心理19845173012----：59s
2025-03-11 10:14:32 - INFO - 执行 f12 失败: 
No element found.
Method: ele()
Arguments: {'locator': 'css=#phone', 'index': 1, 'timeout': 10}
Version: 4.1.0.17
2025-03-11 10:14:48 - INFO - 执行 g12 失败: 
No element found.
Method: ele()
Arguments: {'locator': 'css=body > header > div > div.cloud-header-default > div.cloud-right-wrapper > div.login-wrapper > ul > li.nav-register > a', 'index': 1, 'timeout': 10}
Version: 4.1.0.17
2025-03-11 10:15:04 - INFO - 紫衣注册失败
2025-03-11 10:15:17 - INFO - 紫衣注册失败
2025-03-11 10:15:31 - INFO - 紫衣注册失败
2025-03-11 10:15:44 - INFO - 紫衣注册失败
2025-03-11 10:15:57 - INFO - 紫衣注册失败
2025-03-11 10:16:11 - INFO - 紫衣注册失败
2025-03-11 10:16:11 - INFO - 紫衣5次错误
2025-03-11 10:16:41 - INFO - 执行 i12 失败: 
No element found.
Method: ele()
Arguments: {'locator': 'css=body > div:nth-child(1) > div > div:nth-child(3) > p > span:nth-child(1)', 'index': 1, 'timeout': 10}
Version: 4.1.0.17
2025-03-11 10:17:00 - INFO - 飞乐注册失败
2025-03-11 10:17:00 - INFO - 执行 j12 失败: cannot access local variable 'res' where it is not associated with a value
2025-03-11 10:17:04 - INFO - ----58同城19845173012----：JsonpCallBack174165942429974({"code":0,"data":{"voice":true,"exist":0,"requesthost":"passport.58.com","times":"30","tokencode":"ItiGYh_Su3-SvvlLkdIslX43cYu2JIvH","length":6,"action":"0","strategyid":"2","label":"收不到短信验证码？","type":2},"msg":"动态码已发送"})
2025-03-11 10:17:16 - INFO - ----中图网19845173012----：{'Status': 0, 'Msg': None, 'Succeed': True, 'Data': None, 'Remark': None, 'Error': None}
2025-03-11 10:17:25 - INFO - ----优购19845173012----：2
2025-03-11 10:17:30 - INFO - ----多多买菜19845173012----：{'success': True, 'errorCode': 1000000, 'errorMsg': None, 'result': None}
2025-03-11 10:17:42 - INFO - 执行 e13 失败: 
This element has no location or size.
Version: 4.1.0.17
2025-03-11 10:17:47 - INFO - ----酒窝19845173012----：
2025-03-11 10:17:59 - INFO - ----安徽博物院19845173012----：{'success': False, 'message': '验证码发送失败'}
2025-03-11 10:18:04 - INFO - ----爱卡19845173012----：{'stat': '2', 'error': '亲，你今天早些时候收到的验证码还可以用哦', 'a': 'mpincode'}
2025-03-11 10:18:11 - INFO - ----花礼网19845173012----：{'Status': '0', 'ErrMsg': None, 'DataStatus': 0, 'Datas': {'Message': '验证码已经发送到19845173012,请及时输入进行验证。'}, 'HuaSessionId': None}
2025-03-11 10:18:23 - INFO - ----美非遗19845173012----：{'code': '200', 'codeid': 5826, 'msg': 'success'}
2025-03-11 10:18:24 - INFO - Deleted: .\bd_background.png
2025-03-11 10:18:24 - INFO - Deleted: .\cp.png
2025-03-11 10:18:24 - INFO - Deleted: .\hzzx.png
2025-03-11 10:18:24 - INFO - Deleted: .\ngbj.png
2025-03-11 10:18:24 - INFO - Deleted: .\tt.png
2025-03-11 10:18:24 - INFO - Deleted: .\ysw.png
2025-03-11 10:18:24 - INFO - All PNG images deleted.
