2025-03-10 20:31:15 - INFO - ----阿里云13007665968----：{'success': True}
2025-03-10 20:31:28 - INFO - ----百度13007665968----：bd__cbs__l69dny({"errno":18,"msg":"\u8bf7\u586b\u5199\u9a8c\u8bc1\u7801","vcodestr":"tcP8238ed702b5a0882024c188e5a01f77dfe11833b6c01203d","vcodesign":"0d11cfeeaa","isslide":null})
2025-03-10 20:31:34 - INFO - ----凤凰网13007665968----：{'code': 'CaptchaRequired', 'msg': 'code: CaptchaRequired, msg: 需要验证码', 'tips': '需要验证码'}
2025-03-10 20:31:55 - INFO - ----联通云盘13007665968----：{'STATUS': '200', 'MSG': '服务调用成功！', 'LOGID': None, 'RSP': {'RSP_CODE': '6006', 'RSP_DESC': '图形验证码未输入或缺失参数！', 'DATA': {'isNeedVerfyCode': 1}}}
2025-03-10 20:32:18 - INFO - 天翼云盘注册失败
2025-03-10 20:32:19 - INFO - All PNG images deleted.
2025-03-10 20:35:03 - INFO - ----阿里云13007665968----：{'success': True}
2025-03-10 20:35:21 - INFO - ----百度13007665968----：bd__cbs__cj3szj({"errno":18,"msg":"\u8bf7\u586b\u5199\u9a8c\u8bc1\u7801","vcodestr":"jxPa93b00712ba5ed5c0230189d85012d78c2cb5a8145017d07","vcodesign":"a8ec425071","isslide":null})
2025-03-10 20:35:27 - INFO - ----凤凰网13007665968----：{'code': 'CaptchaRequired', 'msg': 'code: CaptchaRequired, msg: 需要验证码', 'tips': '需要验证码'}
2025-03-10 20:35:51 - INFO - ----联通云盘13007665968----：{'STATUS': '200', 'MSG': '服务调用成功！', 'LOGID': None, 'RSP': {'RSP_CODE': '6006', 'RSP_DESC': '图形验证码未输入或缺失参数！', 'DATA': {'isNeedVerfyCode': 1}}}
2025-03-10 20:36:19 - INFO - 天翼云盘注册失败
2025-03-10 20:36:20 - INFO - All PNG images deleted.
2025-03-10 20:44:23 - INFO - ----阿里云13007665968----：{'success': True}
2025-03-10 20:44:41 - INFO - ----百度13007665968----：bd__cbs__3k1po0({"errno":18,"msg":"\u8bf7\u586b\u5199\u9a8c\u8bc1\u7801","vcodestr":"tcPdd3b00712b01ed4002c618b78501b078b2275a81fe017da0","vcodesign":"07ef9830d4","isslide":null})
2025-03-10 20:44:47 - INFO - ----凤凰网13007665968----：{'code': 'CaptchaRequired', 'msg': 'code: CaptchaRequired, msg: 需要验证码', 'tips': '需要验证码'}
2025-03-10 20:45:18 - INFO - ----联通云盘13007665968----：{'STATUS': '200', 'MSG': '服务调用成功！', 'LOGID': None, 'RSP': {'RSP_CODE': '6006', 'RSP_DESC': '图形验证码未输入或缺失参数！', 'DATA': {'isNeedVerfyCode': 1}}}
2025-03-10 20:45:43 - INFO - 天翼云盘注册失败
2025-03-10 20:45:53 - INFO - ----雪球13007665968----：{'success': True}
2025-03-10 20:46:01 - INFO - ----巨量13007665968---- ：{'description': '', 'error_code': 0, 'mobile_ticket': 'mobile_ticket_DWTU6HZDQYNBTYUCRVGA6PR9E6P9JBFC'}
2025-03-10 20:46:10 - INFO - ----兔喜13007665968---- ：{'result': {'isRisk': 0}, 'message': '操作成功', 'status': True, 'statusCode': '200'}
2025-03-10 20:46:20 - INFO - ----水滴筹13007665968---- ：{'code': 71211, 'msg': '开启图形校验', 'data': None}
2025-03-10 20:46:38 - INFO - ----小红书13007665968----：{'code': 0, 'success': True, 'msg': '成功', 'data': {}}
2025-03-10 20:46:53 - INFO - 执行 doubao 失败: 
No element found.
Method: ele()
Arguments: {'locator': 'css=#root > div.flow-web-root-outlet > div > div.containerWrapper-zs8cOO > div.panelWrapper-w47RMk > div.center-full-DCvpXt > div > div > div.header-QmdZVu > div > div > div > div.right-ANm42w > div > button > span', 'index': 1, 'timeout': 10}
Version: 4.1.0.17
2025-03-10 20:47:01 - INFO - ----KYE13007665968---- ：{'code': 264587, 'msg': '错误次数太多，请稍后重试', 'data': {'ruleId': 27, 'type': 4, 'strategyCode': 'passwordSmsLogin', 'msg': None, 'priority': 3}, 'traceId': None, 'success': False}
2025-03-10 20:49:06 - INFO - ----易车13007665968----：0s后重新发送
2025-03-10 20:49:27 - INFO - ----移动云盘13007665968---- ：{'success': True, 'code': '0', 'message': 'OK', 'data': {'result': {'resultCode': '0', 'resultDesc': '请求成功'}, 'mode': '0', 'regFlag': None, 'remainGetTimes': 0, 'verifyCode': None, 'objNumber': None, 'random': 'rsfqj28U'}}
2025-03-10 20:49:40 - INFO - ----南方泵业13007665968----：{'Data': None, 'Code': 0, 'Message': 'B1A8549D4782382BFC30F7C14BEECCB9'}
2025-03-10 20:49:47 - INFO - ----秘塔13007665968----：{'code': 2701, 'msg': '手机号不存在,请先注册!'}
2025-03-10 20:49:56 - INFO - ----孔子学院13007665968----：{'msg': '操作成功', 'code': 200}
2025-03-10 20:50:05 - INFO - ----巨人网络13007665968---- ：{'success': True, 'msg': '', 'data': []}
2025-03-10 20:50:16 - INFO - ----火山引擎13007665968---- ：{'ResponseMetadata': {'RequestId': '20250310205016CD497675BBC57125FC0D'}}
2025-03-10 20:50:26 - INFO - ----webcsdn学院13007665968----：{'code': '1013', 'message': '操作太频繁，该动作已被禁止', 'status': False}
2025-03-10 20:50:34 - INFO - ----233乐园13007665968----：验证码倒计时发送验证码s
2025-03-10 20:50:45 - INFO - ----q医疗13007665968----：{'data': {'code': '400'}, 'count': 0}
2025-03-10 20:51:22 - INFO - ----指南者13007665968----：{'code': 0, 'msg': '发送验证码失败！'}
2025-03-10 20:51:34 - INFO - ----闪德13007665968----：{'code': 0, 'msg': '短信服务异常', 'data': 4, 'url': '', 'wait': 3}
2025-03-10 20:51:40 - INFO - ----顺丰同城13007665968----：{'errno': 3001, 'errmsg': '请输入图片验证码', 'errmsg_lang': {'zh': '请输入图片验证码', 'en': 'Please enter the image verification code.'}, 'data': None, 'lid': '538732710812388433'}
2025-03-10 20:51:50 - INFO - ----指南者13007665968----：{'code': 0, 'msg': '发送验证码过于频繁，请稍后重试！'}
2025-03-10 20:52:08 - INFO - ----云8813007665968----：{'code': 1, 'msg': '触发号码天级流控Permits:40'}
2025-03-10 20:52:29 - INFO - 执行 wjs 失败: 
No element found.
Method: ele()
Arguments: {'locator': 'css=#dsbLogin1 > div:nth-child(4) > div', 'index': 1, 'timeout': 10}
Version: 4.1.0.17
2025-03-10 20:52:36 - INFO - ----异次元13007665968----：{'state': {'message': '风险', 'code': 505001}}
2025-03-10 20:52:54 - INFO - 网易云游戏注册失败
2025-03-10 20:53:13 - INFO - ----aippt13007665968----：{'code': 10856, 'data': None, 'msg': '今日获取验证码已达最大次数，请于明日重试'}
2025-03-10 20:53:39 - INFO - ----AI好记----：{'code': 10001, 'message': '短信发送失败: {"Message":"触发号码天级流控Permits:40","RequestId":"874D2C45-E164-5175-97C1-090267DD34A8","Code":"isv.BUSINESS_LIMIT_CONTROL"}', 'data': {}}
2025-03-10 20:54:01 - INFO - ----万兴13007665968----：{'code': 231203, 'msg': 'The number of SMS messages that can be sent from this account in one day has been exceeded', 'data': None}
2025-03-10 20:54:13 - INFO - ----九游网13007665968----：验证码剩余时间重新获取(58s)
2025-03-10 20:54:22 - INFO - ----右糖13007665968----：{'status': -307, 'message': 'Captcha code exceeds the limit'}
2025-03-10 20:54:29 - INFO - ----大米小米13007665968----：{'status': 200, 'code': 0, 'data': True, 'message': '查询数据成功.'}
2025-03-10 20:54:46 - INFO - 手机新浪注册失败
2025-03-10 20:54:53 - INFO - ----海康威视13007665968----：{'code': '000000', 'data': {'code': 200, 'message': 'success', 'data': '{code=0, message=null, result=1059060431431147520}'}, 'message': None}
2025-03-10 20:55:01 - INFO - ----网易数字13007665968----：{'success': True, 'msg': '验证码已发送'}
2025-03-10 20:55:19 - INFO - ----跨境13007665968----：{'code': 500, 'msg': '短信发送失败，请稍后再试~', 'data': [], 'meta': {}}
2025-03-10 20:55:29 - INFO - ----acfun13007665968----：{'result': 100001014, 'error_msg': '操作太快, 稍后再试'}
2025-03-10 20:55:38 - INFO - ----mathtool13007665968----：{'code': 1013, 'data': [], 'message': ' 短信发送失败,请尝试其它登录方式'}
2025-03-10 20:55:46 - INFO - ----包月ai13007665968----：{'code': -202, 'msg': '账户状态异常，如有疑问请联系客服', 'data': {}}
2025-03-10 20:55:51 - INFO - ----库迪13007665968----：{'code': 200, 'message': 'success', 'busCode': '10408', 'busMessage': '请输入图形验证码', 'data': None, 'traceId': None}
2025-03-10 20:55:58 - INFO - ----氢图13007665968----：{'code': 0, 'message': None, 'result': None}
2025-03-10 20:56:10 - INFO - ----溪流13007665968----：{'code': 500, 'msg': '服务器内部错误，请稍后再试。'}
2025-03-10 20:56:22 - INFO - ----演图网13007665968----：{'code': '000000', 'msg': 'Message sent successfully'}
2025-03-10 20:56:33 - INFO - ----笔灵ai13007665968----：{'code': 1, 'msg': '验证码发送成功'}
2025-03-10 20:56:43 - INFO - ----豆豆游戏13007665968----：{'code': 0, 'error_code': 0, 'error_message': '', 'payload': {}}
2025-03-10 20:57:10 - INFO - ----问小白----：{'code': 0, 'msg': '', 'data': '', 'requestId': ''}
2025-03-10 20:57:18 - INFO - ----九马13007665968----：{'code': 200, 'message': '发送成功', 'data': ''}
2025-03-10 20:57:31 - INFO - ----柏测13007665968----：{'d': '触发号码天级流控Permits:40'}
2025-03-10 20:57:56 - INFO - ----欢拓云13007665968----：{'code': 20107, 'msg': '发送太频繁，请稍后再试'}
2025-03-10 20:58:14 - INFO - ----活动汪13007665968----：{'status_code': 9, 'status_message': '发送失败........'}
2025-03-10 20:58:27 - INFO - ----派克配音13007665968----：{'code': 1, 'info': '发送成功', 'data': {}}
2025-03-10 20:58:45 - INFO - ----灵感严选13007665968----：{'code': -1, 'msg': '发送短信失败', 'data': None, 'exception': None, 'error': None, 'stackTrace': None, 'path': None, 'errCode': -1}
2025-03-10 20:59:00 - INFO - ----笔熊13007665968----：{'code': 0, 'msg': 'isv.BUSINESS_LIMIT_CONTROL', 'time': '1741611539', 'data': None}
2025-03-10 20:59:11 - INFO - ----美即云13007665968----：{'code': 502, 'msg': ''}
2025-03-10 20:59:32 - INFO - ----诗词13007665968----：{'status': 'ok'}
2025-03-10 20:59:43 - INFO - ----超级文档13007665968----：59 秒后可重试
2025-03-10 20:59:55 - INFO - ----翼虎13007665968----：{'error': 40000, 'msg': '您操作过于频繁，请通过验证', 'data': None}
2025-03-10 21:00:07 - INFO - ----考拉13007665968----：{'content': {'data': {'resultCode': 100, 'smsToken': 'idc_12FAFEBE97F78434594219B178AE9A8DB', 'processFinished': True}, 'status': 0, 'success': True}, 'hasError': False}
2025-03-10 21:00:18 - INFO - ----黑猫会13007665968----：{'code': 1, 'msg': 'fail'}
2025-03-10 21:00:29 - INFO - ----3C云13007665968----：{'status': 400, 'msg': 'CODE_SEND_FAIL'}
2025-03-10 21:00:48 - INFO - ----交大云13007665968----：130****5968
2025-03-10 21:00:55 - INFO - ----八法云----：{'code': 0, 'message': 'OK', 'data': {'code': 3}}
2025-03-10 21:01:16 - INFO - ----有言13007665968----：{'error_code': 1, 'error_reason': '触发号码天级流控Permits:40'}
2025-03-10 21:01:33 - INFO - ----环球医疗13007665968----：jsonp1741611681038({"code":"210","msg":"发送失败，请过一会再发送"})
2025-03-10 21:02:00 - INFO - ----最有料13007665968----：{'code': 200, 'status': False, 'message': '触发号码天级流控Permits:40', 'url': None, 'other': None}
2025-03-10 21:02:11 - INFO - ----乒协13007665968----：{'code': 10003, 'message': 'error-code.10003:触发号码天级流控Permits:40', 'tips': 'error-code.10003:触发号码天级流控Permits:40', 'result': None, 'traceId': '9716051e-dbe4-42eb-99f6-fab3c6caa32c', 'success': False}
2025-03-10 21:02:21 - INFO - ----人人文库13007665968----：{'code': 203, 'data': [], 'message': '图形验证码错误！'}
2025-03-10 21:02:25 - INFO - ----人人文库13007665968----：{'code': 203, 'data': [], 'message': '图形验证码错误！'}
2025-03-10 21:02:28 - INFO - ----人人文库13007665968----：{'code': 203, 'data': [], 'message': '图形验证码错误！'}
2025-03-10 21:02:32 - INFO - ----人人文库13007665968----：{'code': 203, 'data': [], 'message': '图形验证码错误！'}
2025-03-10 21:02:36 - INFO - ----人人文库13007665968----：{'code': 204, 'data': [], 'message': '图形验证码错误！'}
2025-03-10 21:02:40 - INFO - ----人人文库13007665968----：{'code': 5001, 'data': [], 'message': '发送失败'}
2025-03-10 21:02:40 - INFO - 人人文库5次错误
2025-03-10 21:02:45 - INFO - ----广州心理协会13007665968----：{'status': 1, 'time': '10', 'msg': '手机验证码发送成功！'}
2025-03-10 21:02:53 - INFO - ----返利网13007665968---- ：jQuery18309056565244745918_1741611769048({"info":"succes","data":"13007665968","status":1})
2025-03-10 21:03:02 - INFO - ----丽芙家居13007665968----：{'Result': True, 'Status': 1, 'Message': '手机验证码已发送至尾号5968手机，请注意查收', 'InnerData': {'retCode': 1, 'rm': 1}, 'CK': []}
2025-03-10 21:03:07 - INFO - ----穷游网13007665968----：{'error_code': 0, 'result': 'ok', 'data': {'mobile': '86-13007665968'}}
2025-03-10 21:03:19 - INFO - ----海尔13007665968----：{'result': 'SUCCESS', 'resultCode': '0', 'resultMsg': 'success', 'data': 'SUCCESS'}
2025-03-10 21:03:19 - INFO - success
2025-03-10 21:03:33 - INFO - ----百卓13007665968----：{'retMsg': '短信验证码获取失败，超过每天5次的限制！', 'retCode': '1'}
2025-03-10 21:03:35 - INFO - 执行 g8 失败: 
This element has no location or size.
Version: 4.1.0.17
2025-03-10 21:03:48 - INFO - ----股海13007665968----：{'msg': '你的验证码获取达到上限，请过段时间再试'}
2025-03-10 21:04:10 - INFO - todesk注册失败
2025-03-10 21:04:23 - INFO - todesk注册失败
2025-03-10 21:04:28 - INFO - ----todesk13007665968----：{'statusCode': 200, 'data': {'challengeToken': 'eyJhbGciOiJIUzI1NiIsInR5cCI6IkpXVCJ9.eyJwaG9uZSI6IjEzMDA3NjY1OTY4IiwidXNhZ2UiOjEsIm5vdW5jZSI6IjEiLCJpYXQiOjE3NDE2MTE4NjgsImV4cCI6MTc0MTYxMjE2OH0.ZPYmlMmERsAXrK3IXEfiezg-yKrgQ9-jowCVsAfuqRs'}}
2025-03-10 21:04:39 - INFO - ----zol13007665968----：{'info': 'ok', 'msg': '动态密码发送成功'}
2025-03-10 21:04:48 - INFO - ----第一会展13007665968----：{"states":"err","message":"{"Message":"触发号码天级流控Permits:40","RequestId":"FAE1652F-1B46-5E24-A8D0-A9B51EEC5906","Code":"isv.BUSINESS_LIMIT_CONTROL"}"}
2025-03-10 21:04:49 - INFO - 执行 a9 失败: string indices must be integers, not 'str'
2025-03-10 21:05:02 - INFO - ----索尼中国13007665968----：{'resultData': {'registerToken': 'hdi6UBP7tQ2CnR5ar96S4vZNICaT06XM50qf+KOIbO0='}, 'resultMsg': [{'code': '00', 'message': '成功'}]}
2025-03-10 21:05:09 - INFO - ----爱乐奇13007665968----：suss
2025-03-10 21:05:25 - INFO - 花生同注册失败
2025-03-10 21:05:28 - INFO - ----花生同13007665968----：{'success': True, 'code': '00000', 'lang': None, 'error': None, 'errorHK': None, 'data': None}
2025-03-10 21:05:45 - INFO - ----包图13007665968----：{'status': 1, 'msg': '亲，验证码发送成功'}
2025-03-10 21:05:55 - INFO - ----莫言ai13007665968----：{'code': 334, 'msg': '验证码错误', 'data': []}
2025-03-10 21:05:57 - INFO - ----莫言ai13007665968----：{'code': 334, 'msg': '验证码错误', 'data': []}
2025-03-10 21:06:00 - INFO - ----莫言ai13007665968----：{'code': 200, 'msg': '成功', 'data': []}
2025-03-10 21:06:16 - INFO - ----慕客13007665968----：{'code': 0, 'message': '成功', 'payload': {'captchaVerifyResult': False}}
2025-03-10 21:06:29 - INFO - ----广告狂人13007665968----：{'msg': '操作成功', 'code': '10000'}
2025-03-10 21:06:45 - INFO - ----feemoo13007665968----：{'status': '90001', 'msg': '', 'time': 1741611999, 'data': {'url': 'https://fmph5.jingfile.com/h5_hk', 'width': '290', 'height': '256', 'code': '', 'e': {'code': 200, 'errorCode': 90001, 'msg': '', 'params': {'url': 'https://fmph5.jingfile.com/h5_hk', 'width': '290', 'height': '256', 'code': ''}}}}
2025-03-10 21:06:59 - INFO - ----spai13007665968----：{'error': 2005, 'msg': '操作失败,请稍后重试', 'data': None, 'total': 0}
2025-03-10 21:07:12 - INFO - 执行 a10 失败: 
No element found.
Method: ele()
Arguments: {'locator': 'css=#txtMobile', 'index': 1, 'timeout': 10}
Version: 4.1.0.17
2025-03-10 21:07:28 - INFO - ----云群13007665968----：{'status': 200, 'msg': 'CODE_SEND_SUCCESS'}
2025-03-10 21:07:37 - INFO - ----云码13007665968----：<pre>string(43) "{"msg":"发送成功","code":200,"data":[]}"
</pre>
2025-03-10 21:07:44 - INFO - ----创配----：{"states":"err","message":"{"Message":"触发号码天级流控Permits:40","RequestId":"7C29D602-A2D2-51EA-B90C-12B39062B916","Code":"isv.BUSINESS_LIMIT_CONTROL"}"}
2025-03-10 21:07:44 - INFO - 执行 d10 失败: string indices must be integers, not 'str'
2025-03-10 21:08:02 - INFO - ----及时设计----：{'code': 801101, 'msg': 'aliyun authenticate not pass', 'msg_cn': '无痕验证未通过', 'key': 'NO_TRACE_VERIFICATION_FAILED', 'data': '400'}
2025-03-10 21:08:27 - INFO - ----嘉立创13007665968----：{'success': True, 'code': 200}
2025-03-10 21:08:42 - INFO - ----电子发烧友13007665968----：{'status': 'successed', 'error_code': 0, 'data': {'account': '13007665968'}}
2025-03-10 21:08:53 - INFO - ----鸟哥笔记----：{'return_code': '-1', 'return_msg': '超出每天限制次数', 'return_data': []}
2025-03-10 21:08:56 - INFO - ----鸟哥笔记----：{'return_code': '-1', 'return_msg': '图形验证码错误', 'return_data': []}
2025-03-10 21:09:00 - INFO - ----鸟哥笔记----：{'return_code': '-1', 'return_msg': '超出每天限制次数', 'return_data': []}
2025-03-10 21:09:03 - INFO - ----鸟哥笔记----：{'return_code': '-1', 'return_msg': '超出每天限制次数', 'return_data': []}
2025-03-10 21:09:07 - INFO - ----鸟哥笔记----：{'return_code': '-1', 'return_msg': '超出每天限制次数', 'return_data': []}
2025-03-10 21:09:10 - INFO - ----鸟哥笔记----：{'return_code': '-1', 'return_msg': '超出每天限制次数', 'return_data': []}
2025-03-10 21:09:10 - INFO - 鸟哥笔记5次错误
2025-03-10 21:09:24 - INFO - 执行 i10 失败: 
This element has no location or size.
Version: 4.1.0.17
2025-03-10 21:09:36 - INFO - ----站库13007665968----：
2025-03-10 21:09:41 - INFO - ----万兴科技13007665968----：{'code': 231203, 'msg': 'The number of SMS messages that can be sent from this account in one day has been exceeded', 'data': None}
2025-03-10 21:10:03 - INFO - ----亿图13007665968----：{'status': 'error', 'msg': '[code-231203] 同一账号调用次数超过当天上限', 'data': None}
2025-03-10 21:10:19 - INFO - ----医疗器械13007665968----：{'code': '1', 'data': None, 'msg': '验证码已发送！'}
2025-03-10 21:10:34 - INFO - 执行 d11 失败: 
No element found.
Method: ele()
Arguments: {'locator': 'css=#root > section > div.guardContainer > div > div > div > div > div:nth-child(2) > div.g2-tips-line > span > button > span', 'index': 1, 'timeout': 10}
Version: 4.1.0.17
2025-03-10 21:10:41 - INFO - ----永洪13007665968----：{'code': 200, 'data': 'smssuccess'}
2025-03-10 21:10:49 - INFO - ----深信服13007665968----：{'code': 0, 'msg': 'success', 'rows': 'success'}
2025-03-10 21:11:01 - INFO - ----磨刀13007665968----：{'success': '验证码发送成功'}
2025-03-10 21:11:09 - INFO - ----逗逗游戏伙伴13007665968----：{'code': 0, 'error_code': 0, 'error_message': '', 'payload': {}}
2025-03-10 21:11:15 - INFO - ----阶跃ai13007665968----：{}
2025-03-10 21:11:28 - INFO - ----韩红13007665968----：{'code': -16, 'msg': '当天发送次数已满，请明天再试。', 'data': None}
2025-03-10 21:11:49 - INFO - ----ccf13007665968----：1
2025-03-10 21:12:03 - INFO - ----钻石网13007665968----：{'code': 200, 'msg': '验证成功'}
2025-03-10 21:12:14 - INFO - ----云书网13007665968----：{'code': '-2', 'gitVersion': {'git.branch': 'origin/online', 'git.commit.id': '9493803b7f97740d60bed02d3a23f781f35c4156'}, 'message': '图片验证码输入有误', 'success': False, 'trace': '0d1cb77a9b3bb6ad'}
2025-03-10 21:12:19 - INFO - ----云书网13007665968----：{'code': '0', 'gitVersion': {'git.branch': 'origin/online', 'git.commit.id': '9493803b7f97740d60bed02d3a23f781f35c4156'}, 'message': '短信发送成功', 'trace': '24fdf8fd95b7f3f6'}
2025-03-10 21:12:26 - INFO - ----天天13007665968----：{'msg': '验证码有误'}
2025-03-10 21:12:29 - INFO - ----天天13007665968----：{'msg': '验证码有误'}
2025-03-10 21:12:33 - INFO - ----天天13007665968----：{'msg': '触发号码天级流控Permits:40', 'error': 1}
2025-03-10 21:12:33 - INFO - 执行 d12 失败: 'code'
2025-03-10 21:12:39 - INFO - ----心理13007665968----：58s
2025-03-10 21:12:47 - INFO - ----拔草13007665968----：{'error': 1, 'msg': '今天发送短信的数量已到，明天再试吧', 'referer': '', 'state': 'fail'}
2025-03-10 21:12:51 - INFO - ----拔草13007665968----：{'error': 2, 'msg': '验证码错误', 'referer': '', 'state': 'fail'}
2025-03-10 21:12:55 - INFO - ----拔草13007665968----：{'error': 2, 'msg': '验证码错误', 'referer': '', 'state': 'fail'}
2025-03-10 21:12:59 - INFO - ----拔草13007665968----：{'error': 2, 'msg': '验证码错误', 'referer': '', 'state': 'fail'}
2025-03-10 21:13:03 - INFO - ----拔草13007665968----：{'error': 1, 'msg': '今天发送短信的数量已到，明天再试吧', 'referer': '', 'state': 'fail'}
2025-03-10 21:13:07 - INFO - ----拔草13007665968----：{'error': 2, 'msg': '验证码错误', 'referer': '', 'state': 'fail'}
2025-03-10 21:13:11 - INFO - ----拔草13007665968----：{'error': 2, 'msg': '验证码错误', 'referer': '', 'state': 'fail'}
2025-03-10 21:13:15 - INFO - ----拔草13007665968----：{'error': 1, 'msg': '今天发送短信的数量已到，明天再试吧', 'referer': '', 'state': 'fail'}
2025-03-10 21:13:18 - INFO - ----拔草13007665968----：{'error': 2, 'msg': '验证码错误', 'referer': '', 'state': 'fail'}
2025-03-10 21:13:22 - INFO - ----拔草13007665968----：{'error': 2, 'msg': '验证码错误', 'referer': '', 'state': 'fail'}
2025-03-10 21:13:26 - INFO - ----拔草13007665968----：{'error': 2, 'msg': '验证码错误', 'referer': '', 'state': 'fail'}
2025-03-10 21:13:26 - INFO - 拔草5次错误
2025-03-10 21:13:44 - INFO - 执行 g12 失败: 
No element found.
Method: ele()
Arguments: {'locator': 'css=body > header > div > div.cloud-header-default > div.cloud-right-wrapper > div.login-wrapper > ul > li.nav-register > a', 'index': 1, 'timeout': 10}
Version: 4.1.0.17
2025-03-10 21:14:00 - INFO - 紫衣注册失败
2025-03-10 21:14:14 - INFO - 紫衣注册失败
2025-03-10 21:14:27 - INFO - 紫衣注册失败
2025-03-10 21:14:41 - INFO - 紫衣注册失败
2025-03-10 21:14:54 - INFO - 紫衣注册失败
2025-03-10 21:15:07 - INFO - 紫衣注册失败
2025-03-10 21:15:07 - INFO - 紫衣5次错误
2025-03-10 21:15:34 - INFO - 执行 i12 失败: 
No element found.
Method: ele()
Arguments: {'locator': 'css=body > div:nth-child(1) > div > div:nth-child(3) > p > span:nth-child(1)', 'index': 1, 'timeout': 10}
Version: 4.1.0.17
2025-03-10 21:15:44 - INFO - ----飞乐13007665968----：{'status': 0, 'data': {'noncestr': 'pilk2rby5z', 'phone': '13007665968', 'timestamp': 1741612544, 'signature': 'c5e4b118e9aed70c6c638adb07df62ebabb54244'}}
2025-03-10 21:15:50 - INFO - ----58同城13007665968----：JsonpCallBack1741612549639609({"code":0,"data":{"voice":true,"exist":0,"requesthost":"passport.58.com","times":"30","tokencode":"tiR9oPHF7U6GKoCwfq6HTofJiiOb2N34","length":6,"action":"0","strategyid":"2","label":"收不到短信验证码？","type":2},"msg":"动态码已发送"})
2025-03-10 21:16:02 - INFO - ----中图网13007665968----：{'Status': 0, 'Msg': None, 'Succeed': True, 'Data': None, 'Remark': None, 'Error': None}
2025-03-10 21:16:20 - INFO - 优购注册失败
2025-03-10 21:16:25 - INFO - ----多多买菜13007665968----：{'success': True, 'errorCode': 1000000, 'errorMsg': None, 'result': None}
2025-03-10 21:16:40 - INFO - 执行 e13 失败: 
This element has no location or size.
Version: 4.1.0.17
2025-03-10 21:16:44 - INFO - ----酒窝13007665968----：
2025-03-10 21:17:05 - INFO - ----安徽博物院13007665968----：{'success': False, 'message': '验证码发送失败'}
2025-03-10 21:17:14 - INFO - ----爱卡13007665968----：{'stat': '-1', 'error': '验证码发送失败!', 'a': 'mpincode'}
2025-03-10 21:17:22 - INFO - ----花礼网13007665968----：{'Status': '0', 'ErrMsg': None, 'DataStatus': 0, 'Datas': {'Message': '验证码已经发送到13007665968,请及时输入进行验证。'}, 'HuaSessionId': None}
2025-03-10 21:17:35 - INFO - ----美非遗13007665968----：{'code': '200', 'codeid': 5819, 'msg': 'success'}
2025-03-10 21:17:36 - INFO - Deleted: .\bd_background.png
2025-03-10 21:17:36 - INFO - Deleted: .\bd_slider.png
2025-03-10 21:17:36 - INFO - Deleted: .\cp.png
2025-03-10 21:17:36 - INFO - Deleted: .\hzzx.png
2025-03-10 21:17:36 - INFO - Deleted: .\ngbj.png
2025-03-10 21:17:36 - INFO - Deleted: .\tt.png
2025-03-10 21:17:36 - INFO - All PNG images deleted.
2025-03-11 09:54:45 - INFO - ----阿里云13007665968----：{'success': True}
2025-03-11 09:55:04 - INFO - ----百度13007665968----：bd__cbs__8qefz9({"errno":18,"msg":"\u8bf7\u586b\u5199\u9a8c\u8bc1\u7801","vcodestr":"jxP0a817b9c2b59002102dd18ff7201d1dbf5bb852beb0178bd","vcodesign":"4c1512b276","isslide":null})
2025-03-11 09:55:10 - INFO - ----凤凰网13007665968----：{'code': 'CaptchaRequired', 'msg': 'code: CaptchaRequired, msg: 需要验证码', 'tips': '需要验证码'}
2025-03-11 09:55:32 - INFO - ----联通云盘13007665968----：{'STATUS': '200', 'MSG': '服务调用成功！', 'LOGID': None, 'RSP': {'RSP_CODE': '0000', 'RSP_DESC': '成功', 'DATA': None}}
2025-03-11 09:55:48 - INFO - ----天翼云盘13007665968----：{'result': 0, 'msg': 'success'}
2025-03-11 09:55:59 - INFO - ----雪球13007665968----：{'success': True}
2025-03-11 09:56:06 - INFO - ----巨量13007665968---- ：{'description': '', 'error_code': 0, 'mobile_ticket': 'mobile_ticket_AN8D5P5K4GNXHU4XC7PMHH7GUTH58BST'}
2025-03-11 09:56:15 - INFO - ----兔喜13007665968---- ：{'result': {'isRisk': 0}, 'message': '操作成功', 'status': True, 'statusCode': '200'}
2025-03-11 09:56:26 - INFO - ----水滴筹13007665968---- ：{'code': 0, 'msg': None, 'data': None}
2025-03-11 09:56:45 - INFO - ----小红书13007665968----：{'code': 0, 'success': True, 'msg': '成功', 'data': {}}
2025-03-11 09:57:00 - INFO - 执行 doubao 失败: 
No element found.
Method: ele()
Arguments: {'locator': 'css=#root > div.flow-web-root-outlet > div > div.containerWrapper-zs8cOO > div.panelWrapper-w47RMk > div.center-full-DCvpXt > div > div > div.header-QmdZVu > div > div > div > div.right-ANm42w > div > button > span', 'index': 1, 'timeout': 10}
Version: 4.1.0.17
2025-03-11 09:57:06 - INFO - ----KYE13007665968---- ：{'code': 0, 'msg': '成功', 'data': {'msg': '验证码已发送至您的手机，请注意查收'}, 'traceId': None, 'success': True}
2025-03-11 09:57:16 - INFO - ----易车13007665968----：59s后重新发送
2025-03-11 09:57:33 - INFO - ----移动云盘13007665968---- ：{'success': True, 'code': '0', 'message': 'OK', 'data': {'result': {'resultCode': '0', 'resultDesc': '请求成功'}, 'mode': '0', 'regFlag': None, 'remainGetTimes': 7, 'verifyCode': None, 'objNumber': None, 'random': 'ao6ktJ5p'}}
2025-03-11 09:57:48 - INFO - ----南方泵业13007665968----：{'Data': None, 'Code': -4, 'Message': '手机号已调用多次'}
2025-03-11 09:57:56 - INFO - ----秘塔13007665968----：{'code': 2701, 'msg': '手机号不存在,请先注册!'}
2025-03-11 09:58:06 - INFO - ----孔子学院13007665968----：{'msg': '操作成功', 'code': 200}
2025-03-11 09:58:15 - INFO - ----巨人网络13007665968---- ：{'success': True, 'msg': '', 'data': []}
2025-03-11 09:58:24 - INFO - ----火山引擎13007665968---- ：{'ResponseMetadata': {'RequestId': '20250311095824ADE57EFD99DDE758BD66'}}
2025-03-11 09:58:35 - INFO - ----webcsdn学院13007665968----：{'code': '0', 'subCode': '1017', 'message': '成功发送验证码', 'status': True}
2025-03-11 09:58:43 - INFO - ----233乐园13007665968----：验证码倒计时发送验证码s
2025-03-11 09:58:56 - INFO - ----q医疗13007665968----：{'data': {'code': '400'}, 'count': 0}
2025-03-11 09:59:07 - INFO - ----指南者13007665968----：{'code': 0, 'msg': '发送验证码失败！'}
2025-03-11 09:59:20 - INFO - ----闪德13007665968----：{'code': 0, 'msg': '短信服务异常', 'data': 4, 'url': '', 'wait': 3}
2025-03-11 09:59:26 - INFO - ----顺丰同城13007665968----：{'errno': 0, 'errmsg': '', 'errmsg_lang': [], 'data': {'count': 60}, 'lid': '585998605540083576'}
2025-03-11 09:59:36 - INFO - ----指南者13007665968----：{'code': 0, 'msg': '发送验证码失败！'}
2025-03-11 09:59:55 - INFO - ----云8813007665968----：{'code': 1, 'msg': '触发号码天级流控Permits:40'}
2025-03-11 10:00:16 - INFO - 执行 wjs 失败: 
No element found.
Method: ele()
Arguments: {'locator': 'css=#dsbLogin1 > div:nth-child(4) > div', 'index': 1, 'timeout': 10}
Version: 4.1.0.17
2025-03-11 10:00:24 - INFO - ----异次元13007665968----：{'data': {'requestId': 'e3e00302a12e45aa961f6b1e9f793d4e'}, 'state': {'message': '成功', 'code': 200000}}
2025-03-11 10:00:34 - INFO - ----网易云游戏13007665968----：{}
2025-03-11 10:00:49 - INFO - ----aippt13007665968----：{'code': 10856, 'data': None, 'msg': '今日获取验证码已达最大次数，请于明日重试'}
2025-03-11 10:01:37 - INFO - ----AI好记----：{'code': 10001, 'message': '短信发送失败: {"Message":"触发号码天级流控Permits:40","RequestId":"15658203-91BC-509B-A9EB-D64323F4FC43","Code":"isv.BUSINESS_LIMIT_CONTROL"}', 'data': {}}
2025-03-11 10:01:59 - INFO - ----万兴13007665968----：{'code': 0, 'msg': '', 'data': ''}
2025-03-11 10:02:12 - INFO - ----九游网13007665968----：验证码剩余时间重新获取(58s)
2025-03-11 10:02:21 - INFO - ----右糖13007665968----：{'status': -307, 'message': 'Captcha code exceeds the limit'}
2025-03-11 10:02:28 - INFO - ----大米小米13007665968----：{'status': 200, 'code': 0, 'data': True, 'message': '查询数据成功.'}
2025-03-11 10:02:45 - INFO - 手机新浪注册失败
2025-03-11 10:02:52 - INFO - ----海康威视13007665968----：{'code': '000000', 'data': {'code': 200, 'message': 'success', 'data': '{code=0, message=null, result=1059258732420014080}'}, 'message': None}
2025-03-11 10:02:59 - INFO - ----网易数字13007665968----：{'success': True, 'msg': '验证码已发送'}
2025-03-11 10:03:08 - INFO - ----跨境13007665968----：{'code': 500, 'msg': '短信发送失败，请稍后再试~', 'data': [], 'meta': {}}
2025-03-11 10:03:17 - INFO - ----acfun13007665968----：{'result': 0}
2025-03-11 10:03:27 - INFO - ----mathtool13007665968----：{'code': 1013, 'data': [], 'message': ' 短信发送失败,请尝试其它登录方式'}
2025-03-11 10:03:35 - INFO - ----包月ai13007665968----：{'code': -202, 'msg': '账户状态异常，如有疑问请联系客服', 'data': {}}
2025-03-11 10:03:39 - INFO - ----库迪13007665968----：{'code': 200, 'message': 'success', 'busCode': '1', 'busMessage': 'success', 'data': None, 'traceId': None}
2025-03-11 10:03:47 - INFO - ----氢图13007665968----：{'code': 0, 'message': None, 'result': None}
2025-03-11 10:03:59 - INFO - ----溪流13007665968----：{'code': 500, 'msg': '服务器内部错误，请稍后再试。'}
2025-03-11 10:04:10 - INFO - ----演图网13007665968----：{'code': '000000', 'msg': 'Message sent successfully'}
2025-03-11 10:04:22 - INFO - ----笔灵ai13007665968----：{'code': 1, 'msg': '验证码发送成功'}
2025-03-11 10:04:32 - INFO - ----豆豆游戏13007665968----：{'code': 0, 'error_code': 0, 'error_message': '', 'payload': {}}
2025-03-11 10:04:42 - INFO - ----问小白----：{'code': 0, 'msg': '', 'data': '', 'requestId': ''}
2025-03-11 10:04:50 - INFO - ----九马13007665968----：{'code': 200, 'message': '发送成功', 'data': ''}
2025-03-11 10:05:04 - INFO - ----柏测13007665968----：{'d': '触发号码天级流控Permits:40'}
2025-03-11 10:05:27 - INFO - ----欢拓云13007665968----：{'code': 20107, 'msg': '发送太频繁，请稍后再试'}
2025-03-11 10:05:47 - INFO - ----活动汪13007665968----：{'status_code': 9, 'status_message': '发送失败........'}
2025-03-11 10:05:59 - INFO - ----派克配音13007665968----：{'code': 1, 'info': '发送成功', 'data': {}}
2025-03-11 10:06:23 - INFO - ----灵感严选13007665968----：{'code': -1, 'msg': '发送短信失败', 'data': None, 'exception': None, 'error': None, 'stackTrace': None, 'path': None, 'errCode': -1}
2025-03-11 10:06:32 - INFO - ----笔熊13007665968----：{'code': 0, 'msg': 'isv.BUSINESS_LIMIT_CONTROL', 'time': '1741658792', 'data': None}
2025-03-11 10:06:43 - INFO - ----美即云13007665968----：{'code': 502, 'msg': ''}
2025-03-11 10:06:54 - INFO - ----诗词13007665968----：{'status': 'ok'}
2025-03-11 10:07:05 - INFO - ----超级文档13007665968----：59 秒后可重试
2025-03-11 10:07:17 - INFO - ----翼虎13007665968----：{'error': 30008, 'msg': '服务器开小差，请稍后再试', 'data': None}
2025-03-11 10:07:29 - INFO - ----考拉13007665968----：{'content': {'data': {'resultCode': 100, 'smsToken': 'idc_1E3F8DFAA36B144C69059D1D13E12FC63', 'processFinished': True}, 'status': 0, 'success': True}, 'hasError': False}
2025-03-11 10:07:40 - INFO - ----黑猫会13007665968----：{'code': 1, 'msg': 'fail'}
2025-03-11 10:07:47 - INFO - ----3C云13007665968----：{'status': 400, 'msg': 'CODE_SEND_FAIL'}
2025-03-11 10:08:07 - INFO - ----交大云13007665968----：130****5968
2025-03-11 10:08:16 - INFO - ----八法云----：{'code': 0, 'message': 'OK', 'data': {'code': 3}}
2025-03-11 10:08:35 - INFO - ----有言13007665968----：{'error_code': 1, 'error_reason': '触发号码天级流控Permits:40'}
2025-03-11 10:08:52 - INFO - ----环球医疗13007665968----：jsonp1741658920462({"code":"210","msg":"发送失败，请过一会再发送"})
2025-03-11 10:09:16 - INFO - ----最有料13007665968----：{'code': 200, 'status': False, 'message': '触发号码天级流控Permits:40', 'url': None, 'other': None}
2025-03-11 10:09:30 - INFO - ----乒协13007665968----：{'code': 10003, 'message': 'error-code.10003:触发号码天级流控Permits:40', 'tips': 'error-code.10003:触发号码天级流控Permits:40', 'result': None, 'traceId': '8230a7ff-5cc6-46ca-91ec-53fe19ec3b7c', 'success': False}
2025-03-11 10:09:41 - INFO - ----人人文库13007665968----：{'code': 5001, 'data': [], 'message': '发送失败'}
2025-03-11 10:09:45 - INFO - ----人人文库13007665968----：{'code': 5001, 'data': [], 'message': '发送失败'}
2025-03-11 10:09:49 - INFO - ----人人文库13007665968----：{'code': 5001, 'data': [], 'message': '发送失败'}
2025-03-11 10:09:53 - INFO - ----人人文库13007665968----：{'code': 5001, 'data': [], 'message': '发送失败'}
2025-03-11 10:09:57 - INFO - ----人人文库13007665968----：{'code': 5001, 'data': [], 'message': '发送失败'}
2025-03-11 10:10:01 - INFO - ----人人文库13007665968----：{'code': 5001, 'data': [], 'message': '发送失败'}
2025-03-11 10:10:01 - INFO - 人人文库5次错误
2025-03-11 10:10:08 - INFO - ----广州心理协会13007665968----：{'status': 1, 'time': '10', 'msg': '手机验证码发送成功！'}
2025-03-11 10:10:14 - INFO - ----返利网13007665968---- ：jQuery18302739851559367803_1741659012089({"info":"succes","data":"13007665968","status":1})
2025-03-11 10:10:24 - INFO - ----丽芙家居13007665968----：{'Result': True, 'Status': 1, 'Message': '手机验证码已发送至尾号5968手机，请注意查收', 'InnerData': {'retCode': 1, 'rm': 1}, 'CK': []}
2025-03-11 10:11:31 - INFO - ----穷游网13007665968----：{'error_code': 0, 'result': 'ok', 'data': {'mobile': '86-13007665968'}}
2025-03-11 10:11:43 - INFO - ----海尔13007665968----：{'result': 'SUCCESS', 'resultCode': '0', 'resultMsg': 'success', 'data': 'SUCCESS'}
2025-03-11 10:11:43 - INFO - success
2025-03-11 10:12:06 - INFO - 百卓注册失败
2025-03-11 10:12:22 - INFO - 百卓注册失败
2025-03-11 10:12:28 - INFO - ----百卓13007665968----：{'retCode': '0'}
2025-03-11 10:12:51 - INFO - 股海注册失败
2025-03-11 10:13:11 - INFO - todesk注册失败
2025-03-11 10:13:16 - INFO - ----todesk13007665968----：{'statusCode': 200, 'data': {'challengeToken': 'eyJhbGciOiJIUzI1NiIsInR5cCI6IkpXVCJ9.eyJwaG9uZSI6IjEzMDA3NjY1OTY4IiwidXNhZ2UiOjEsIm5vdW5jZSI6IjEiLCJpYXQiOjE3NDE2NTkxOTUsImV4cCI6MTc0MTY1OTQ5NX0.vOfXdfF9z8G2BeKttTWzcrFwLsvR7dZkJyuWPGxD8to'}}
2025-03-11 10:13:25 - INFO - ----zol13007665968----：{'info': 'error', 'msg': '图形验证码错误'}
2025-03-11 10:13:28 - INFO - ----zol13007665968----：{'info': 'error', 'msg': '图形验证码错误'}
2025-03-11 10:13:31 - INFO - ----zol13007665968----：{'info': 'ok', 'msg': '动态密码发送成功'}
2025-03-11 10:13:57 - INFO - ----第一会展13007665968----：{"states":"err","message":"{"Message":"触发号码天级流控Permits:40","RequestId":"A030E277-B444-568C-AB84-DBAEC42C9311","Code":"isv.BUSINESS_LIMIT_CONTROL"}"}
2025-03-11 10:13:58 - INFO - 执行 a9 失败: string indices must be integers, not 'str'
2025-03-11 10:14:12 - INFO - ----索尼中国13007665968----：{'resultData': {'registerToken': 'hdi6UBP7tQ2CnR5ar96S4piIFPwdgZ13nV7iz5Sh7J0='}, 'resultMsg': [{'code': '00', 'message': '成功'}]}
2025-03-11 10:14:19 - INFO - ----爱乐奇13007665968----：suss
2025-03-11 10:14:25 - INFO - ----花生同13007665968----：{'success': True, 'code': '00000', 'lang': None, 'error': None, 'errorHK': None, 'data': None}
2025-03-11 10:14:53 - INFO - ----包图13007665968----：{'status': 1, 'msg': '亲，验证码发送成功'}
2025-03-11 10:15:03 - INFO - ----莫言ai13007665968----：{'code': 200, 'msg': '成功', 'data': []}
2025-03-11 10:15:18 - INFO - ----慕客13007665968----：{'code': 0, 'message': '成功', 'payload': {'captchaVerifyResult': False}}
2025-03-11 10:15:32 - INFO - ----广告狂人13007665968----：{'msg': '操作成功', 'code': '10000'}
2025-03-11 10:15:48 - INFO - ----feemoo13007665968----：{'status': '90001', 'msg': '', 'time': 1741659342, 'data': {'url': 'https://fmph5.jingfile.com/h5_hk', 'width': '290', 'height': '256', 'code': '', 'e': {'code': 200, 'errorCode': 90001, 'msg': '', 'params': {'url': 'https://fmph5.jingfile.com/h5_hk', 'width': '290', 'height': '256', 'code': ''}}}}
2025-03-11 10:16:02 - INFO - ----spai13007665968----：{'error': 2005, 'msg': '操作失败,请稍后重试', 'data': None, 'total': 0}
2025-03-11 10:16:16 - INFO - 执行 a10 失败: 
No element found.
Method: ele()
Arguments: {'locator': 'css=#txtMobile', 'index': 1, 'timeout': 10}
Version: 4.1.0.17
2025-03-11 10:16:23 - INFO - ----云群13007665968----：{'status': 200, 'msg': 'CODE_SEND_SUCCESS'}
2025-03-11 10:16:32 - INFO - ----云码13007665968----：<pre>string(43) "{"msg":"发送成功","code":200,"data":[]}"
</pre>
2025-03-11 10:16:39 - INFO - ----创配----：{"states":"err","message":"{"Message":"触发号码天级流控Permits:40","RequestId":"1C132984-AB0E-5C7F-9B69-188504AF3A70","Code":"isv.BUSINESS_LIMIT_CONTROL"}"}
2025-03-11 10:16:39 - INFO - 执行 d10 失败: string indices must be integers, not 'str'
2025-03-11 10:16:55 - INFO - ----及时设计----：{'code': 801101, 'msg': 'aliyun authenticate not pass', 'msg_cn': '无痕验证未通过', 'key': 'NO_TRACE_VERIFICATION_FAILED', 'data': '400'}
2025-03-11 10:17:19 - INFO - ----嘉立创13007665968----：{'success': True, 'code': 200}
2025-03-11 10:17:35 - INFO - ----电子发烧友13007665968----：{'status': 'successed', 'error_code': 0, 'data': {'account': '13007665968'}}
2025-03-11 10:17:46 - INFO - ----鸟哥笔记----：{'return_code': '-1', 'return_msg': '参数错误', 'return_data': []}
2025-03-11 10:17:50 - INFO - ----鸟哥笔记----：{'return_code': '200', 'return_msg': '已发送', 'return_data': []}
2025-03-11 10:18:03 - INFO - 执行 i10 失败: 
This element has no location or size.
Version: 4.1.0.17
2025-03-11 10:18:15 - INFO - ----站库13007665968----：{'result': True}
2025-03-11 10:18:20 - INFO - ----万兴科技13007665968----：{'code': 0, 'msg': '', 'data': ''}
2025-03-11 10:18:43 - INFO - ----亿图13007665968----：{'status': 'success', 'msg': '', 'data': {}}
2025-03-11 10:19:03 - INFO - 医疗器械注册失败
2025-03-11 10:19:19 - INFO - 执行 d11 失败: 
No element found.
Method: ele()
Arguments: {'locator': 'css=#root > section > div.guardContainer > div > div > div > div > div:nth-child(2) > div.g2-tips-line > span > button > span', 'index': 1, 'timeout': 10}
Version: 4.1.0.17
2025-03-11 10:19:27 - INFO - ----永洪13007665968----：{'code': 200, 'data': 'smssuccess'}
2025-03-11 10:19:34 - INFO - ----深信服13007665968----：{'code': 0, 'msg': 'success', 'rows': 'success'}
2025-03-11 10:19:49 - INFO - ----磨刀13007665968----：{'success': '验证码发送成功'}
2025-03-11 10:19:56 - INFO - ----逗逗游戏伙伴13007665968----：{'code': 0, 'error_code': 0, 'error_message': '', 'payload': {}}
2025-03-11 10:20:02 - INFO - ----阶跃ai13007665968----：{}
2025-03-11 10:20:19 - INFO - ----韩红13007665968----：{'code': 0, 'msg': 'success', 'data': 60}
2025-03-11 10:20:40 - INFO - ----ccf13007665968----：1
2025-03-11 10:20:55 - INFO - ----钻石网13007665968----：{'code': 200, 'msg': '验证成功'}
2025-03-11 10:21:06 - INFO - ----云书网13007665968----：{'code': '-2', 'gitVersion': {'git.branch': 'origin/online', 'git.commit.id': '9493803b7f97740d60bed02d3a23f781f35c4156'}, 'message': '图片验证码输入有误', 'success': False, 'trace': 'd55bde77c84127fd'}
2025-03-11 10:21:11 - INFO - ----云书网13007665968----：{'code': '0', 'gitVersion': {'git.branch': 'origin/online', 'git.commit.id': '9493803b7f97740d60bed02d3a23f781f35c4156'}, 'message': '短信发送成功', 'trace': 'aa7dfa3e1ba8c8ea'}
2025-03-11 10:21:18 - INFO - ----天天13007665968----：{'msg': '触发号码天级流控Permits:40', 'error': 1}
2025-03-11 10:21:18 - INFO - 执行 d12 失败: 'code'
2025-03-11 10:21:23 - INFO - ----心理13007665968----：59s
2025-03-11 10:21:38 - INFO - 执行 f12 失败: 
No element found.
Method: ele()
Arguments: {'locator': 'css=#phone', 'index': 1, 'timeout': 10}
Version: 4.1.0.17
2025-03-11 10:21:55 - INFO - 执行 g12 失败: 
No element found.
Method: ele()
Arguments: {'locator': 'css=body > header > div > div.cloud-header-default > div.cloud-right-wrapper > div.login-wrapper > ul > li.nav-register > a', 'index': 1, 'timeout': 10}
Version: 4.1.0.17
2025-03-11 10:22:01 - INFO - ----紫衣13007665968----：{'res': True, 'code': 1, 'msg': '图形验证码不正确', 'err': 1, 'timestamp': 1741659721}
2025-03-11 10:22:05 - INFO - ----紫衣13007665968----：{'res': True, 'code': 1, 'msg': '今日验证码已达上限，请明日再试!', 'err': 1, 'timestamp': 1741659725}
2025-03-11 10:22:09 - INFO - ----紫衣13007665968----：{'res': True, 'code': 1, 'msg': '两分钟后再重新获取', 'err': 1, 'timestamp': 1741659729}
2025-03-11 10:22:13 - INFO - ----紫衣13007665968----：{'res': True, 'code': 1, 'msg': '图形验证码不正确', 'err': 1, 'timestamp': 1741659733}
2025-03-11 10:22:16 - INFO - ----紫衣13007665968----：{'res': True, 'code': 1, 'msg': '两分钟后再重新获取', 'err': 1, 'timestamp': 1741659736}
2025-03-11 10:22:20 - INFO - ----紫衣13007665968----：{'res': True, 'code': 1, 'msg': '两分钟后再重新获取', 'err': 1, 'timestamp': 1741659740}
2025-03-11 10:22:20 - INFO - 紫衣5次错误
2025-03-11 10:22:50 - INFO - 执行 i12 失败: 
No element found.
Method: ele()
Arguments: {'locator': 'css=body > div:nth-child(1) > div > div:nth-child(3) > p > span:nth-child(1)', 'index': 1, 'timeout': 10}
Version: 4.1.0.17
2025-03-11 10:23:00 - INFO - ----飞乐13007665968----：{'status': 0, 'data': {'noncestr': 'p0w8vjt9hq', 'phone': '13007665968', 'timestamp': 1741659780, 'signature': 'c4a200a294dbc3bd46db3b57ef0e7bf562eaf01f'}}
2025-03-11 10:23:06 - INFO - ----58同城13007665968----：JsonpCallBack1741659786111629({"code":0,"data":{"voice":true,"exist":0,"requesthost":"passport.58.com","times":"30","tokencode":"Cx55oR-easVkRep9ey-amH65Z0D9V4_g","length":6,"action":"0","strategyid":"2","label":"收不到短信验证码？","type":2},"msg":"动态码已发送"})
2025-03-11 10:23:20 - INFO - ----中图网13007665968----：{'Status': 0, 'Msg': None, 'Succeed': True, 'Data': None, 'Remark': None, 'Error': None}
2025-03-11 10:23:38 - INFO - 优购注册失败
2025-03-11 10:23:44 - INFO - ----多多买菜13007665968----：{'success': True, 'errorCode': 1000000, 'errorMsg': None, 'result': None}
2025-03-11 10:24:00 - INFO - 执行 e13 失败: 
This element has no location or size.
Version: 4.1.0.17
2025-03-11 10:24:05 - INFO - ----酒窝13007665968----：
2025-03-11 10:24:19 - INFO - ----安徽博物院13007665968----：{'success': False, 'message': '验证码发送失败'}
2025-03-11 10:24:26 - INFO - ----爱卡13007665968----：{'stat': '-1', 'error': '验证码发送失败!', 'a': 'mpincode'}
2025-03-11 10:24:41 - INFO - 花礼网注册失败
2025-03-11 10:24:54 - INFO - ----美非遗13007665968----：{'code': '200', 'codeid': 5827, 'msg': 'success'}
2025-03-11 10:24:55 - INFO - Deleted: .\bd_background.png
2025-03-11 10:24:55 - INFO - Deleted: .\cp.png
2025-03-11 10:24:55 - INFO - Deleted: .\hzzx.png
2025-03-11 10:24:55 - INFO - Deleted: .\ngbj.png
2025-03-11 10:24:55 - INFO - Deleted: .\tt.png
2025-03-11 10:24:55 - INFO - All PNG images deleted.
