2025-03-10 19:43:22 - INFO - ----阿里云13520028701----：{'success': True}
2025-03-10 19:43:40 - INFO - ----百度13520028701----：bd__cbs__iph61x({"errno":0,"msg":"\u53d1\u9001\u6210\u529f","vcodestr":null,"vcodesign":null,"isslide":null})
2025-03-10 19:43:46 - INFO - ----凤凰网13520028701----：{'code': 'CaptchaRequired', 'msg': 'code: CaptchaRequired, msg: 需要验证码', 'tips': '需要验证码'}
2025-03-10 19:44:10 - INFO - ----联通云盘13520028701----：{'STATUS': '200', 'MSG': '服务调用成功！', 'LOGID': None, 'RSP': {'RSP_CODE': '6006', 'RSP_DESC': '图形验证码未输入或缺失参数！', 'DATA': {'isNeedVerfyCode': 1}}}
2025-03-10 19:44:37 - INFO - 天翼云盘注册失败
2025-03-10 19:44:48 - INFO - ----雪球13520028701----：{'success': True}
2025-03-10 19:44:56 - INFO - ----巨量13520028701---- ：{'description': '', 'error_code': 0, 'mobile_ticket': 'mobile_ticket_DH23AN9D2F7QHQRZVDSHFGUDVEBV4799'}
2025-03-10 19:45:05 - INFO - ----兔喜13520028701---- ：{'result': {'isRisk': 0}, 'message': '操作成功', 'status': True, 'statusCode': '200'}
2025-03-10 19:45:15 - INFO - ----水滴筹13520028701---- ：{'code': 71211, 'msg': '开启图形校验', 'data': None}
2025-03-10 19:45:33 - INFO - ----小红书13520028701----：{'msg': '成功', 'data': {}, 'code': 0, 'success': True}
2025-03-10 19:45:49 - INFO - 执行 doubao 失败: 
No element found.
Method: ele()
Arguments: {'locator': 'css=#root > div.flow-web-root-outlet > div > div.containerWrapper-zs8cOO > div.panelWrapper-w47RMk > div.center-full-DCvpXt > div > div > div.header-QmdZVu > div > div > div > div.right-ANm42w > div > button > span', 'index': 1, 'timeout': 10}
Version: 4.1.0.17
2025-03-10 19:45:56 - INFO - ----KYE13520028701---- ：{'code': 0, 'msg': '成功', 'data': {'msg': '验证码已发送至您的手机，请注意查收'}, 'traceId': None, 'success': True}
2025-03-10 19:46:05 - INFO - ----易车13520028701----：0s后重新发送
2025-03-10 19:46:20 - INFO - ----移动云盘13520028701---- ：{'success': True, 'code': '0', 'message': 'OK', 'data': {'result': {'resultCode': '0', 'resultDesc': '请求成功'}, 'mode': '0', 'regFlag': None, 'remainGetTimes': 3, 'verifyCode': None, 'objNumber': None, 'random': 'NTNlBBeS'}}
2025-03-10 19:46:33 - INFO - ----南方泵业13520028701----：{'Data': None, 'Code': 0, 'Message': '88A938FA5E4D3CB7553C6ECE621F1274'}
2025-03-10 19:46:40 - INFO - ----秘塔13520028701----：{'code': 2701, 'msg': '手机号不存在,请先注册!'}
2025-03-10 19:46:50 - INFO - ----孔子学院13520028701----：{'msg': '操作成功', 'code': 200}
2025-03-10 19:47:00 - INFO - ----巨人网络13520028701---- ：{'success': True, 'msg': '', 'data': []}
2025-03-10 19:47:08 - INFO - ----火山引擎13520028701---- ：{'ResponseMetadata': {'RequestId': '202503101947088C35A46B164C3A0F1469'}}
2025-03-10 19:47:19 - INFO - ----webcsdn学院13520028701----：{'code': '0', 'subCode': '1017', 'message': '成功发送验证码', 'status': True}
2025-03-10 19:47:26 - INFO - ----233乐园13520028701----：验证码倒计时发送验证码s
2025-03-10 19:47:39 - INFO - ----q医疗13520028701----：{'data': {'code': '400'}, 'count': 0}
2025-03-10 19:47:48 - INFO - ----指南者13520028701----：{'code': 0, 'msg': '发送验证码过于频繁，请稍后重试！'}
2025-03-10 19:48:01 - INFO - ----闪德13520028701----：{'code': 0, 'msg': '短信服务异常', 'data': 4, 'url': '', 'wait': 3}
2025-03-10 19:48:07 - INFO - ----顺丰同城13520028701----：{'errno': 3001, 'errmsg': '请输入图片验证码', 'errmsg_lang': {'zh': '请输入图片验证码', 'en': 'Please enter the image verification code.'}, 'data': None, 'lid': '534919716691866245'}
2025-03-10 19:48:17 - INFO - ----指南者13520028701----：{'code': 0, 'msg': '发送验证码过于频繁，请稍后重试！'}
2025-03-10 19:49:12 - INFO - 云88注册失败
2025-03-10 19:49:32 - INFO - 执行 wjs 失败: 
No element found.
Method: ele()
Arguments: {'locator': 'css=#dsbLogin1 > div:nth-child(4) > div', 'index': 1, 'timeout': 10}
Version: 4.1.0.17
2025-03-10 19:49:40 - INFO - ----异次元13520028701----：{'state': {'message': '风险', 'code': 505001}}
2025-03-10 19:49:58 - INFO - 网易云游戏注册失败
2025-03-10 19:50:11 - INFO - ----aippt13520028701----：{'code': 10856, 'data': None, 'msg': '今日获取验证码已达最大次数，请于明日重试'}
2025-03-10 19:51:00 - INFO - ----AI好记----：{'code': 10001, 'message': '短信发送失败: {"Message":"触发号码天级流控Permits:40","RequestId":"04BC0A91-5EE6-52CE-8006-5769FEC518CF","Code":"isv.BUSINESS_LIMIT_CONTROL"}', 'data': {}}
2025-03-10 19:51:22 - INFO - ----万兴13520028701----：{'code': 231203, 'msg': 'The number of SMS messages that can be sent from this account in one day has been exceeded', 'data': None}
2025-03-10 19:51:34 - INFO - ----九游网13520028701----：验证码剩余时间重新获取(58s)
2025-03-10 19:51:43 - INFO - ----右糖13520028701----：{'status': 200, 'message': 'success'}
2025-03-10 19:51:51 - INFO - ----大米小米13520028701----：{'status': 200, 'code': 0, 'data': True, 'message': '查询数据成功.'}
2025-03-10 19:52:08 - INFO - 手机新浪注册失败
2025-03-10 19:52:14 - INFO - ----海康威视13520028701----：{'code': '000000', 'data': {'code': 200, 'message': 'success', 'data': '{code=0, message=null, result=1059044664815919104}'}, 'message': None}
2025-03-10 19:52:22 - INFO - ----网易数字13520028701----：{'success': True, 'msg': '验证码已发送'}
2025-03-10 19:52:30 - INFO - ----跨境13520028701----：{'code': 500, 'msg': '短信发送失败，请稍后再试~', 'data': [], 'meta': {}}
2025-03-10 19:52:40 - INFO - ----acfun13520028701----：{'result': 100001014, 'error_msg': '操作太快, 稍后再试'}
2025-03-10 19:52:50 - INFO - ----mathtool13520028701----：{'code': 1013, 'data': [], 'message': ' 短信发送失败,请尝试其它登录方式'}
2025-03-10 19:52:58 - INFO - ----包月ai13520028701----：{'code': 100, 'msg': 'success', 'data': {}}
2025-03-10 19:53:04 - INFO - ----库迪13520028701----：{'code': 200, 'message': 'success', 'busCode': '10408', 'busMessage': '请输入图形验证码', 'data': None, 'traceId': None}
2025-03-10 19:53:12 - INFO - ----氢图13520028701----：{'code': 0, 'message': None, 'result': None}
2025-03-10 19:53:24 - INFO - ----溪流13520028701----：{'code': 500, 'msg': '服务器内部错误，请稍后再试。'}
2025-03-10 19:53:36 - INFO - ----演图网13520028701----：{'code': '000000', 'msg': 'Message sent successfully'}
2025-03-10 19:53:47 - INFO - ----笔灵ai13520028701----：{'code': 1, 'msg': '验证码发送成功'}
2025-03-10 19:53:57 - INFO - ----豆豆游戏13520028701----：{'code': 0, 'error_code': 0, 'error_message': '', 'payload': {}}
2025-03-10 19:54:08 - INFO - ----问小白----：{'code': 0, 'msg': '', 'data': '', 'requestId': ''}
2025-03-10 19:54:15 - INFO - ----九马13520028701----：{'code': 200, 'message': '发送成功', 'data': ''}
2025-03-10 19:54:28 - INFO - ----柏测13520028701----：{'d': '触发号码天级流控Permits:40'}
2025-03-10 19:54:50 - INFO - ----欢拓云13520028701----：{'code': 20104, 'msg': '图片验证码错误'}
2025-03-10 19:55:09 - INFO - ----活动汪13520028701----：{'status_code': 1, 'status_message': '验证码发送成功'}
2025-03-10 19:55:36 - INFO - ----派克配音13520028701----：{'code': 1, 'info': '发送成功', 'data': {}}
2025-03-10 19:55:54 - INFO - ----灵感严选13520028701----：{'code': -1, 'msg': '发送短信失败', 'data': None, 'exception': None, 'error': None, 'stackTrace': None, 'path': None, 'errCode': -1}
2025-03-10 19:56:04 - INFO - ----笔熊13520028701----：{'code': 0, 'msg': 'isv.BUSINESS_LIMIT_CONTROL', 'time': '1741607763', 'data': None}
2025-03-10 19:56:16 - INFO - ----美即云13520028701----：{'code': 502, 'msg': ''}
2025-03-10 19:56:36 - INFO - ----诗词13520028701----：{'status': 'ok'}
2025-03-10 19:56:48 - INFO - ----超级文档13520028701----：59 秒后可重试
2025-03-10 19:56:59 - INFO - ----翼虎13520028701----：{'error': 40000, 'msg': '您操作过于频繁，请通过验证', 'data': None}
2025-03-10 19:57:12 - INFO - ----考拉13520028701----：{'content': {'data': {'resultCode': 100, 'smsToken': 'idc_15E4C6C84641D4F23B2C4CB7C7F056CEC', 'processFinished': True}, 'status': 0, 'success': True}, 'hasError': False}
2025-03-10 19:57:23 - INFO - ----黑猫会13520028701----：{'code': 1, 'msg': 'fail'}
2025-03-10 19:57:30 - INFO - ----3C云13520028701----：{'status': 400, 'msg': 'CODE_SEND_FAIL'}
2025-03-10 19:57:48 - INFO - ----交大云13520028701----：135****8701
2025-03-10 19:57:56 - INFO - ----八法云----：{'code': 0, 'message': 'OK', 'data': {'code': 3}}
2025-03-10 19:58:16 - INFO - ----有言13520028701----：{'error_code': 1, 'error_reason': '触发号码天级流控Permits:40'}
2025-03-10 19:58:32 - INFO - ----环球医疗13520028701----：jsonp1741607900399({"code":"210","msg":"发送失败，请过一会再发送"})
2025-03-10 19:58:58 - INFO - ----最有料13520028701----：{'code': 200, 'status': False, 'message': '触发号码天级流控Permits:40', 'url': None, 'other': None}
2025-03-10 19:59:08 - INFO - ----乒协13520028701----：{'code': 10003, 'message': 'error-code.10003:触发号码天级流控Permits:40', 'tips': 'error-code.10003:触发号码天级流控Permits:40', 'result': None, 'traceId': '8230a7ff-5cc6-46ca-91ec-53fe19ec3b7c', 'success': False}
2025-03-10 19:59:19 - INFO - ----人人文库13520028701----：{'code': 5001, 'data': [], 'message': '发送失败'}
2025-03-10 19:59:23 - INFO - ----人人文库13520028701----：{'code': 5001, 'data': [], 'message': '发送失败'}
2025-03-10 19:59:27 - INFO - ----人人文库13520028701----：{'code': 203, 'data': [], 'message': '图形验证码错误！'}
2025-03-10 19:59:31 - INFO - ----人人文库13520028701----：{'code': 203, 'data': [], 'message': '图形验证码错误！'}
2025-03-10 19:59:34 - INFO - ----人人文库13520028701----：{'code': 203, 'data': [], 'message': '图形验证码错误！'}
2025-03-10 19:59:38 - INFO - ----人人文库13520028701----：{'code': 203, 'data': [], 'message': '图形验证码错误！'}
2025-03-10 19:59:38 - INFO - 人人文库5次错误
2025-03-10 19:59:44 - INFO - ----广州心理协会13520028701----：{'status': 1, 'time': '10', 'msg': '手机验证码发送成功！'}
2025-03-10 19:59:56 - INFO - 返利网5次验证码错误
2025-03-10 20:00:06 - INFO - ----丽芙家居13520028701----：{'Result': True, 'Status': 1, 'Message': '手机验证码已发送至尾号8701手机，请注意查收', 'InnerData': {'retCode': 1, 'rm': 1}, 'CK': []}
2025-03-10 20:00:10 - INFO - ----穷游网13520028701----：{'error_code': 0, 'result': 'ok', 'data': {'mobile': '86-13520028701'}}
2025-03-10 20:00:22 - INFO - ----海尔13520028701----：{'result': 'SUCCESS', 'resultCode': '0', 'resultMsg': 'success', 'data': 'SUCCESS'}
2025-03-10 20:00:22 - INFO - success
2025-03-10 20:00:48 - INFO - ----百卓13520028701----：{'retCode': '0'}
2025-03-10 20:01:11 - INFO - 股海注册失败
2025-03-10 20:01:22 - INFO - ----todesk13520028701----：{'statusCode': 200, 'data': {'challengeToken': 'eyJhbGciOiJIUzI1NiIsInR5cCI6IkpXVCJ9.eyJwaG9uZSI6IjEzNTIwMDI4NzAxIiwidXNhZ2UiOjEsIm5vdW5jZSI6IjEiLCJpYXQiOjE3NDE2MDgwODIsImV4cCI6MTc0MTYwODM4Mn0.iQHmJv82DmuB81uuLJ6a6FNQy4_rDROaa9nx76RHyLU'}}
2025-03-10 20:01:32 - INFO - ----zol13520028701----：{'info': 'ok', 'msg': '动态密码发送成功'}
2025-03-10 20:01:44 - INFO - ----第一会展13520028701----：{"states":"err","message":"{"Message":"触发号码天级流控Permits:40","RequestId":"66112621-48FC-5A4B-B722-3FBD49521E6B","Code":"isv.BUSINESS_LIMIT_CONTROL"}"}
2025-03-10 20:01:45 - INFO - 执行 a9 失败: string indices must be integers, not 'str'
2025-03-10 20:01:58 - INFO - ----索尼中国13520028701----：{'resultData': {'registerToken': 'r+cn2HXVtVIylFlH0MkppofG9rcW7bx5vkhSbz+8Jvo='}, 'resultMsg': [{'code': '00', 'message': '成功'}]}
2025-03-10 20:02:05 - INFO - ----爱乐奇13520028701----：suss
2025-03-10 20:02:11 - INFO - ----花生同13520028701----：{'success': True, 'code': '00000', 'lang': None, 'error': None, 'errorHK': None, 'data': None}
2025-03-10 20:02:28 - INFO - ----包图13520028701----：{'status': 1, 'msg': '亲，验证码发送成功'}
2025-03-10 20:02:37 - INFO - ----莫言ai13520028701----：{'code': 200, 'msg': '成功', 'data': []}
2025-03-10 20:02:53 - INFO - ----慕客13520028701----：{'code': 0, 'message': '成功', 'payload': {'captchaVerifyResult': False}}
2025-03-10 20:03:09 - INFO - ----广告狂人13520028701----：{'msg': '操作成功', 'code': '10000'}
2025-03-10 20:03:45 - INFO - feemoo注册失败
2025-03-10 20:03:59 - INFO - ----spai13520028701----：{'error': 2005, 'msg': '操作失败,请稍后重试', 'data': None, 'total': 0}
2025-03-10 20:04:12 - INFO - 执行 a10 失败: 
No element found.
Method: ele()
Arguments: {'locator': 'css=#txtMobile', 'index': 1, 'timeout': 10}
Version: 4.1.0.17
2025-03-10 20:04:20 - INFO - ----云群13520028701----：{'status': 200, 'msg': 'CODE_SEND_SUCCESS'}
2025-03-10 20:04:29 - INFO - ----云码13520028701----：<pre>string(43) "{"msg":"发送成功","code":200,"data":[]}"
</pre>
2025-03-10 20:04:36 - INFO - ----创配----：{"states":"err","message":"{"Message":"触发号码天级流控Permits:40","RequestId":"E984F49C-17AE-523D-8B64-11CDC5101C56","Code":"isv.BUSINESS_LIMIT_CONTROL"}"}
2025-03-10 20:04:36 - INFO - 执行 d10 失败: string indices must be integers, not 'str'
2025-03-10 20:04:53 - INFO - ----及时设计----：{'code': 801101, 'msg': 'aliyun authenticate not pass', 'msg_cn': '无痕验证未通过', 'key': 'NO_TRACE_VERIFICATION_FAILED', 'data': '400'}
2025-03-10 20:05:15 - INFO - ----嘉立创13520028701----：{'success': True, 'code': 200}
2025-03-10 20:05:36 - INFO - ----电子发烧友13520028701----：{'status': 'successed', 'error_code': 0, 'data': {'account': '13520028701'}}
2025-03-10 20:05:46 - INFO - ----鸟哥笔记----：{'return_code': '200', 'return_msg': '已发送', 'return_data': []}
2025-03-10 20:06:11 - INFO - 执行 i10 失败: 
This element has no location or size.
Version: 4.1.0.17
2025-03-10 20:06:22 - INFO - ----站库13520028701----：{'result': True}
2025-03-10 20:06:27 - INFO - ----万兴科技13520028701----：{'code': 231203, 'msg': 'The number of SMS messages that can be sent from this account in one day has been exceeded', 'data': None}
2025-03-10 20:06:53 - INFO - ----亿图13520028701----：{'status': 'success', 'msg': '', 'data': {}}
2025-03-10 20:07:14 - INFO - 医疗器械注册失败
2025-03-10 20:07:30 - INFO - 执行 d11 失败: 
No element found.
Method: ele()
Arguments: {'locator': 'css=#root > section > div.guardContainer > div > div > div > div > div:nth-child(2) > div.g2-tips-line > span > button > span', 'index': 1, 'timeout': 10}
Version: 4.1.0.17
2025-03-10 20:07:37 - INFO - ----永洪13520028701----：{'code': 200, 'data': 'smssuccess'}
2025-03-10 20:07:44 - INFO - ----深信服13520028701----：{'code': 0, 'msg': 'success', 'rows': 'success'}
2025-03-10 20:07:56 - INFO - ----磨刀13520028701----：{'success': '验证码发送成功'}
2025-03-10 20:10:14 - INFO - 执行 h11 失败: 
No element found.
Method: ele()
Arguments: {'locator': 'css=#__nuxt > div.app-header.pc-header > div > div.header-right > div:nth-child(6) > div > span', 'index': 1, 'timeout': 10}
Version: 4.1.0.17
2025-03-10 20:10:20 - INFO - ----阶跃ai13520028701----：{}
2025-03-10 20:10:34 - INFO - ----韩红13520028701----：{'code': 0, 'msg': 'success', 'data': 60}
2025-03-10 20:10:57 - INFO - ----ccf13520028701----：1
2025-03-10 20:11:40 - INFO - ----钻石网13520028701----：{'code': 200, 'msg': '验证成功'}
2025-03-10 20:11:51 - INFO - ----云书网13520028701----：{'code': '-2', 'gitVersion': {'git.branch': 'origin/online', 'git.commit.id': '9493803b7f97740d60bed02d3a23f781f35c4156'}, 'message': '图片验证码输入有误', 'success': False, 'trace': 'c9b1bb67b3c20d3d'}
2025-03-10 20:11:56 - INFO - ----云书网13520028701----：{'code': '0', 'gitVersion': {'git.branch': 'origin/online', 'git.commit.id': '9493803b7f97740d60bed02d3a23f781f35c4156'}, 'message': '短信发送成功', 'trace': 'd155a86c24c5956e'}
2025-03-10 20:12:03 - INFO - ----天天13520028701----：{'msg': '触发号码天级流控Permits:40', 'error': 1}
2025-03-10 20:12:03 - INFO - 执行 d12 失败: 'code'
2025-03-10 20:12:08 - INFO - ----心理13520028701----：59s
2025-03-10 20:12:16 - INFO - ----拔草13520028701----：{'error': 1, 'msg': '触发号码天级流控Permits:40', 'err_code': 15, 'referer': '', 'state': 'fail'}
2025-03-10 20:12:20 - INFO - ----拔草13520028701----：{'error': 2, 'msg': '验证码错误', 'referer': '', 'state': 'fail'}
2025-03-10 20:12:24 - INFO - ----拔草13520028701----：{'error': 2, 'msg': '验证码错误', 'referer': '', 'state': 'fail'}
2025-03-10 20:12:28 - INFO - ----拔草13520028701----：{'error': 2, 'msg': '验证码错误', 'referer': '', 'state': 'fail'}
2025-03-10 20:12:31 - INFO - ----拔草13520028701----：{'error': 2, 'msg': '验证码错误', 'referer': '', 'state': 'fail'}
2025-03-10 20:12:36 - INFO - ----拔草13520028701----：{'error': 1, 'msg': '触发号码天级流控Permits:40', 'err_code': 15, 'referer': '', 'state': 'fail'}
2025-03-10 20:12:39 - INFO - ----拔草13520028701----：{'error': 2, 'msg': '验证码错误', 'referer': '', 'state': 'fail'}
2025-03-10 20:12:43 - INFO - ----拔草13520028701----：{'error': 1, 'msg': '今天发送短信的数量已到，明天再试吧', 'referer': '', 'state': 'fail'}
2025-03-10 20:12:47 - INFO - ----拔草13520028701----：{'error': 2, 'msg': '验证码错误', 'referer': '', 'state': 'fail'}
2025-03-10 20:12:51 - INFO - ----拔草13520028701----：{'error': 2, 'msg': '验证码错误', 'referer': '', 'state': 'fail'}
2025-03-10 20:13:04 - INFO - 拔草注册失败
2025-03-10 20:13:04 - INFO - 拔草5次错误
2025-03-10 20:13:23 - INFO - 执行 g12 失败: 
No element found.
Method: ele()
Arguments: {'locator': 'css=body > header > div > div.cloud-header-default > div.cloud-right-wrapper > div.login-wrapper > ul > li.nav-register > a', 'index': 1, 'timeout': 10}
Version: 4.1.0.17
2025-03-10 20:13:41 - INFO - 紫衣注册失败
2025-03-10 20:13:54 - INFO - 紫衣注册失败
2025-03-10 20:14:08 - INFO - 紫衣注册失败
2025-03-10 20:14:21 - INFO - 紫衣注册失败
2025-03-10 20:14:34 - INFO - 紫衣注册失败
2025-03-10 20:14:48 - INFO - 紫衣注册失败
2025-03-10 20:14:48 - INFO - 紫衣5次错误
2025-03-10 20:15:18 - INFO - 执行 i12 失败: 
No element found.
Method: ele()
Arguments: {'locator': 'css=body > div:nth-child(1) > div > div:nth-child(3) > p > span:nth-child(1)', 'index': 1, 'timeout': 10}
Version: 4.1.0.17
2025-03-10 20:15:32 - INFO - ----飞乐13520028701----：{'status': 0, 'data': {'noncestr': '596q7neusl', 'phone': '13520028701', 'timestamp': 1741608932, 'signature': '443feb26c17998b04440bd8fd4840caa66f7f5d3'}}
2025-03-10 20:15:38 - INFO - ----58同城13520028701----：JsonpCallBack1741608938417983({"code":0,"data":{"voice":true,"exist":0,"requesthost":"passport.58.com","times":"30","tokencode":"lstUvN7LXhtBiNjUB5mn4vg7GQPVG48o","length":6,"action":"0","strategyid":"2","label":"收不到短信验证码？","type":2},"msg":"动态码已发送"})
2025-03-10 20:15:51 - INFO - ----中图网13520028701----：{'Status': 0, 'Msg': None, 'Succeed': True, 'Data': None, 'Remark': None, 'Error': None}
2025-03-10 20:16:02 - INFO - ----优购13520028701----：2
2025-03-10 20:16:10 - INFO - ----多多买菜13520028701----：{'success': True, 'errorCode': 1000000, 'errorMsg': None, 'result': None}
2025-03-10 20:16:24 - INFO - 执行 e13 失败: 
This element has no location or size.
Version: 4.1.0.17
2025-03-10 20:16:34 - INFO - ----酒窝13520028701----：
2025-03-10 20:16:52 - INFO - ----安徽博物院13520028701----：{'success': False, 'message': '验证码发送失败'}
2025-03-10 20:16:58 - INFO - ----爱卡13520028701----：{'stat': '-1', 'error': '验证码发送失败!', 'a': 'mpincode'}
2025-03-10 20:17:07 - INFO - ----花礼网13520028701----：{'Status': '0', 'ErrMsg': None, 'DataStatus': 0, 'Datas': {'Message': '验证码已经发送到13520028701,请及时输入进行验证。'}, 'HuaSessionId': None}
2025-03-10 20:17:20 - INFO - ----美非遗13520028701----：{'code': '200', 'codeid': 5816, 'msg': 'success'}
2025-03-10 20:17:21 - INFO - Deleted: .\bd_background.png
2025-03-10 20:17:21 - INFO - Deleted: .\cp.png
2025-03-10 20:17:21 - INFO - Deleted: .\hzzx.png
2025-03-10 20:17:21 - INFO - Deleted: .\ngbj.png
2025-03-10 20:17:21 - INFO - Deleted: .\tt.png
2025-03-10 20:17:21 - INFO - All PNG images deleted.
2025-03-11 13:14:01 - INFO - ----阿里云13520028701----：{'success': True}
2025-03-11 13:14:21 - INFO - ----百度13520028701----：bd__cbs__f196i8({"errno":0,"msg":"\u53d1\u9001\u6210\u529f","vcodestr":null,"vcodesign":null,"isslide":null})
2025-03-11 13:14:27 - INFO - ----凤凰网13520028701----：{'code': 'CaptchaRequired', 'msg': 'code: CaptchaRequired, msg: 需要验证码', 'tips': '需要验证码'}
2025-03-11 13:14:55 - INFO - ----联通云盘13520028701----：{'STATUS': '200', 'MSG': '服务调用成功！', 'LOGID': None, 'RSP': {'RSP_CODE': '6006', 'RSP_DESC': '图形验证码未输入或缺失参数！', 'DATA': {'isNeedVerfyCode': 1}}}
2025-03-11 13:15:12 - INFO - ----天翼云盘13520028701----：{'result': 0, 'msg': 'success'}
2025-03-11 13:15:23 - INFO - ----雪球13520028701----：{'success': True}
2025-03-11 13:15:31 - INFO - ----巨量13520028701---- ：{'description': '', 'error_code': 0, 'mobile_ticket': 'mobile_ticket_TW8WMG8AQ228CD62JMWHJSUAA7XRV22W'}
2025-03-11 13:15:32 - INFO - All PNG images deleted.
